total 4952
-rw-rw-r-- 1 manisha manisha   2393 Oct  6 12:10 l_left0000.jpg
-rw-rw-r-- 1 manisha manisha   8957 Oct  6 12:11 l_left0658.jpg
-rw-rw-r-- 1 manisha manisha   8167 Oct  6 12:12 l_left0657.jpg
-rw-rw-r-- 1 manisha manisha   7422 Oct  6 12:16 l_left0656.jpg
-rw-rw-r-- 1 manisha manisha   6851 Oct  6 12:17 l_left0655.jpg
-rw-rw-r-- 1 manisha manisha   5975 Oct  6 12:18 l_left0654.jpg
-rw-rw-r-- 1 manisha manisha   7473 Oct  6 12:18 l_left0653.jpg
-rw-rw-r-- 1 manisha manisha   8225 Oct  6 12:19 l_left0652.jpg
-rw-rw-r-- 1 manisha manisha   8563 Oct  6 12:19 l_left0651.jpg
-rw-rw-r-- 1 manisha manisha   8284 Oct  6 12:20 l_left0650.jpg
-rw-rw-r-- 1 manisha manisha   9135 Oct  6 12:21 l_left0649.jpg
-rw-rw-r-- 1 manisha manisha   6976 Oct  6 12:22 l_left0648.jpg
-rw-rw-r-- 1 manisha manisha   6198 Oct  6 12:22 l_left0647.jpg
-rw-rw-r-- 1 manisha manisha   7346 Oct  6 12:24 l_left0646.jpg
-rw-rw-r-- 1 manisha manisha   6960 Oct  6 12:25 l_left0645.jpg
-rw-rw-r-- 1 manisha manisha   7922 Oct  6 12:25 l_left0644.jpg
-rw-rw-r-- 1 manisha manisha   3242 Oct  6 12:26 l_left0001.jpg
-rw-rw-r-- 1 manisha manisha   8118 Oct  6 12:26 l_left0643.jpg
-rw-rw-r-- 1 manisha manisha   3270 Oct  6 12:27 l_left0490.jpg
-rw-rw-r-- 1 manisha manisha   8529 Oct  6 12:28 l_left0642.jpg
-rw-rw-r-- 1 manisha manisha   7742 Oct  6 12:28 l_left0641.jpg
-rw-rw-r-- 1 manisha manisha   7918 Oct  6 12:29 l_left0640.jpg
-rw-rw-r-- 1 manisha manisha   7411 Oct  6 12:29 l_left0639.jpg
-rw-rw-r-- 1 manisha manisha   8015 Oct  6 12:30 l_left0638.jpg
-rw-rw-r-- 1 manisha manisha   9242 Oct  6 12:31 l_left0637.jpg
-rw-rw-r-- 1 manisha manisha   7556 Oct  6 12:31 l_left0636.jpg
-rw-rw-r-- 1 manisha manisha   7761 Oct  6 12:32 l_left0635.jpg
-rw-rw-r-- 1 manisha manisha   8406 Oct  6 12:32 l_left0634.jpg
-rw-rw-r-- 1 manisha manisha   8249 Oct  6 12:33 l_left0633.jpg
-rw-rw-r-- 1 manisha manisha   8470 Oct  6 12:33 l_left0632.jpg
-rw-rw-r-- 1 manisha manisha   7165 Oct  6 12:34 l_left0631.jpg
-rw-rw-r-- 1 manisha manisha   8569 Oct  6 12:34 l_left0630.jpg
-rw-rw-r-- 1 manisha manisha   7561 Oct  6 12:35 l_left0629.jpg
-rw-rw-r-- 1 manisha manisha   7552 Oct  6 12:35 l_left0628.jpg
-rw-rw-r-- 1 manisha manisha   9514 Oct  6 12:36 l_left0627.jpg
-rw-rw-r-- 1 manisha manisha   8683 Oct  6 12:36 l_left0626.jpg
-rw-rw-r-- 1 manisha manisha   7161 Oct  6 12:37 l_left0625.jpg
-rw-rw-r-- 1 manisha manisha   8241 Oct  6 12:38 l_left0624.jpg
-rw-rw-r-- 1 manisha manisha   2777 Oct  6 12:39 l_left0002.jpg
-rw-rw-r-- 1 manisha manisha   8182 Oct  6 12:39 l_left0623.jpg
-rw-rw-r-- 1 manisha manisha   8877 Oct  6 12:40 l_left0622.jpg
-rw-rw-r-- 1 manisha manisha   8590 Oct  6 12:40 l_left0621.jpg
-rw-rw-r-- 1 manisha manisha   7972 Oct  6 12:40 l_left0620.jpg
-rw-rw-r-- 1 manisha manisha   8525 Oct  6 12:41 l_left0619.jpg
-rw-rw-r-- 1 manisha manisha   8147 Oct  6 12:41 l_left0618.jpg
-rw-rw-r-- 1 manisha manisha   7110 Oct  6 12:41 l_left0617.jpg
-rw-rw-r-- 1 manisha manisha   8157 Oct  6 12:42 l_left0616.jpg
-rw-rw-r-- 1 manisha manisha   7692 Oct  6 12:42 l_left0616 (2).jpg
-rw-rw-r-- 1 manisha manisha   8084 Oct  6 12:43 l_left0615.jpg
-rw-rw-r-- 1 manisha manisha   6419 Oct  6 12:43 l_left0614.jpg
-rw-rw-r-- 1 manisha manisha   2130 Oct  6 12:44 l_left0003.jpg
-rw-rw-r-- 1 manisha manisha   7973 Oct  6 12:44 l_left0613.jpg
-rw-rw-r-- 1 manisha manisha   7617 Oct  6 12:45 l_left0612.jpg
-rw-rw-r-- 1 manisha manisha   6920 Oct  6 12:45 l_left0611.jpg
-rw-rw-r-- 1 manisha manisha   8306 Oct  6 12:45 l_left0610.jpg
-rw-rw-r-- 1 manisha manisha   8428 Oct  6 12:46 l_left0609.jpg
-rw-rw-r-- 1 manisha manisha   7107 Oct  6 12:46 l_left0608.jpg
-rw-rw-r-- 1 manisha manisha   7626 Oct  6 12:46 l_left0607.jpg
-rw-rw-r-- 1 manisha manisha   7759 Oct  6 12:47 l_left0606.jpg
-rw-rw-r-- 1 manisha manisha   8304 Oct  6 12:47 l_left0605.jpg
-rw-rw-r-- 1 manisha manisha   7336 Oct  6 12:48 l_left0604.jpg
-rw-rw-r-- 1 manisha manisha   7539 Oct  6 12:48 l_left0603.jpg
-rw-rw-r-- 1 manisha manisha   7782 Oct  6 12:48 l_left0602.jpg
-rw-rw-r-- 1 manisha manisha   8297 Oct  6 12:49 l_left0601.jpg
-rw-rw-r-- 1 manisha manisha   2202 Oct  6 12:52 l_left0004.jpg
-rw-rw-r-- 1 manisha manisha   8480 Oct  6 12:52 l_left0600.jpg
-rw-rw-r-- 1 manisha manisha   8286 Oct  6 12:52 l_left0599.jpg
-rw-rw-r-- 1 manisha manisha   8025 Oct  6 12:53 l_left0598.jpg
-rw-rw-r-- 1 manisha manisha   8392 Oct  6 12:53 l_left0597.jpg
-rw-rw-r-- 1 manisha manisha   7711 Oct  6 12:53 l_left0596.jpg
-rw-rw-r-- 1 manisha manisha   7593 Oct  6 12:54 l_left0595.jpg
-rw-rw-r-- 1 manisha manisha   7615 Oct  6 12:54 l_left0594.jpg
-rw-rw-r-- 1 manisha manisha   8867 Oct  6 12:54 l_left0593.jpg
-rw-rw-r-- 1 manisha manisha   8504 Oct  6 12:55 l_left0592.jpg
-rw-rw-r-- 1 manisha manisha   7604 Oct  6 12:55 l_left0591.jpg
-rw-rw-r-- 1 manisha manisha   7448 Oct  6 12:55 l_left0590.jpg
-rw-rw-r-- 1 manisha manisha   7196 Oct  6 12:56 l_left0589.jpg
-rw-rw-r-- 1 manisha manisha   8530 Oct  6 12:56 l_left0588.jpg
-rw-rw-r-- 1 manisha manisha   8565 Oct  6 12:56 l_left0587.jpg
-rw-rw-r-- 1 manisha manisha   8145 Oct  6 12:57 l_left0586.jpg
-rw-rw-r-- 1 manisha manisha   8748 Oct  6 12:57 l_left0585.jpg
-rw-rw-r-- 1 manisha manisha   7242 Oct  6 12:58 l_left0584.jpg
-rw-rw-r-- 1 manisha manisha   7788 Oct  6 12:58 l_left0583.jpg
-rw-rw-r-- 1 manisha manisha   8345 Oct  6 13:02 l_left0582.jpg
-rw-rw-r-- 1 manisha manisha   7976 Oct  6 13:03 l_left0581.jpg
-rw-rw-r-- 1 manisha manisha   7254 Oct  6 13:03 l_left0580.jpg
-rw-rw-r-- 1 manisha manisha   7538 Oct  6 13:04 l_left0579.jpg
-rw-rw-r-- 1 manisha manisha   7357 Oct  6 13:05 l_left0578.jpg
-rw-rw-r-- 1 manisha manisha   8200 Oct  6 13:05 l_left0577.jpg
-rw-rw-r-- 1 manisha manisha   7790 Oct  6 13:06 l_left0576.jpg
-rw-rw-r-- 1 manisha manisha   6553 Oct  6 13:06 l_left0575.jpg
-rw-rw-r-- 1 manisha manisha   8709 Oct  6 13:07 l_left0574.jpg
-rw-rw-r-- 1 manisha manisha   8521 Oct  6 13:07 l_left0573.jpg
-rw-rw-r-- 1 manisha manisha   8163 Oct  6 13:12 l_left0572.jpg
-rw-rw-r-- 1 manisha manisha   7306 Oct  6 13:12 l_left0571.jpg
-rw-rw-r-- 1 manisha manisha   8399 Oct  6 13:13 l_left0570.jpg
-rw-rw-r-- 1 manisha manisha   8238 Oct  6 13:17 l_left0569.jpg
-rw-rw-r-- 1 manisha manisha   8420 Oct  6 13:17 l_left0568.jpg
-rw-rw-r-- 1 manisha manisha   6216 Oct  6 13:18 l_left0567.jpg
-rw-rw-r-- 1 manisha manisha   7423 Oct  6 13:18 l_left0566.jpg
-rw-rw-r-- 1 manisha manisha   4185 Oct  6 13:23 l_left0005.jpg
-rw-rw-r-- 1 manisha manisha   2101 Oct  6 13:25 l_left0006.jpg
-rw-rw-r-- 1 manisha manisha   8037 Oct  6 13:25 l_left0565.jpg
-rw-rw-r-- 1 manisha manisha   8553 Oct  6 13:34 l_left0564.jpg
-rw-rw-r-- 1 manisha manisha   8089 Oct  6 13:34 l_left0563.jpg
-rw-rw-r-- 1 manisha manisha   7120 Oct  6 13:35 l_left0562.jpg
-rw-rw-r-- 1 manisha manisha   8261 Oct  6 13:35 l_left0561.jpg
-rw-rw-r-- 1 manisha manisha   8101 Oct  6 13:35 l_left0560.jpg
-rw-rw-r-- 1 manisha manisha   9195 Oct  6 13:35 l_left0559.jpg
-rw-rw-r-- 1 manisha manisha   8422 Oct  6 13:36 l_left0558.jpg
-rw-rw-r-- 1 manisha manisha   7803 Oct  6 13:36 l_left0557.jpg
-rw-rw-r-- 1 manisha manisha   8746 Oct  6 13:37 l_left0556.jpg
-rw-rw-r-- 1 manisha manisha   8467 Oct  6 13:37 l_left0555.jpg
-rw-rw-r-- 1 manisha manisha   8487 Oct  6 13:37 l_left0554.jpg
-rw-rw-r-- 1 manisha manisha   8187 Oct  6 13:38 l_left0553.jpg
-rw-rw-r-- 1 manisha manisha   7746 Oct  6 13:38 l_left0552.jpg
-rw-rw-r-- 1 manisha manisha   7300 Oct  6 13:38 l_left0551.jpg
-rw-rw-r-- 1 manisha manisha   8722 Oct  6 13:38 l_left0550.jpg
-rw-rw-r-- 1 manisha manisha   8700 Oct  6 13:39 l_left0549.jpg
-rw-rw-r-- 1 manisha manisha   9193 Oct  6 13:39 l_left0548.jpg
-rw-rw-r-- 1 manisha manisha   7266 Oct  6 13:41 r_left0277.jpg
-rw-rw-r-- 1 manisha manisha   6387 Oct  6 13:41 r_left0928.jpg
-rw-rw-r-- 1 manisha manisha   9221 Oct  6 13:42 r_left0927.jpg
-rw-rw-r-- 1 manisha manisha  10486 Oct  6 13:42 r_left0926.jpg
-rw-rw-r-- 1 manisha manisha   6993 Oct  6 13:42 r_left0925.jpg
-rw-rw-r-- 1 manisha manisha   7963 Oct  6 13:43 r_left0924.jpg
-rw-rw-r-- 1 manisha manisha   4500 Oct  6 13:43 r_left0573.jpg
-rw-rw-r-- 1 manisha manisha   8559 Oct  6 13:44 r_left0923.jpg
-rw-rw-r-- 1 manisha manisha   8886 Oct  6 13:44 r_left0922.jpg
-rw-rw-r-- 1 manisha manisha   7148 Oct  6 13:44 r_left0921.jpg
-rw-rw-r-- 1 manisha manisha   5932 Oct  6 13:45 r_left0920.jpg
-rw-rw-r-- 1 manisha manisha   5353 Oct  6 13:45 r_left0919.jpg
-rw-rw-r-- 1 manisha manisha   5648 Oct  6 13:45 r_left0914.jpg
-rw-rw-r-- 1 manisha manisha   6839 Oct  6 13:47 r_left0918.jpg
-rw-rw-r-- 1 manisha manisha   5546 Oct  6 13:47 r_left0917.jpg
-rw-rw-r-- 1 manisha manisha   4903 Oct  6 13:48 r_left0916.jpg
-rw-rw-r-- 1 manisha manisha   6546 Oct  6 13:48 r_left0915.jpg
-rw-rw-r-- 1 manisha manisha   5152 Oct  6 13:48 r_left0913.jpg
-rw-rw-r-- 1 manisha manisha   5524 Oct  6 13:50 r_left0912.jpg
-rw-rw-r-- 1 manisha manisha   4614 Oct  6 13:51 r_left0911.jpg
-rw-rw-r-- 1 manisha manisha   5824 Oct  6 13:51 r_left0910.jpg
-rw-rw-r-- 1 manisha manisha   6679 Oct  6 13:52 r_left0909.jpg
-rw-rw-r-- 1 manisha manisha   5023 Oct  6 13:52 r_left0908.jpg
-rw-rw-r-- 1 manisha manisha   5035 Oct  6 13:52 r_left0907.jpg
-rw-rw-r-- 1 manisha manisha   5906 Oct  6 13:53 r_left0906.jpg
-rw-rw-r-- 1 manisha manisha   5749 Oct  6 13:53 r_left0905.jpg
-rw-rw-r-- 1 manisha manisha   5589 Oct  6 13:53 r_left0904.jpg
-rw-rw-r-- 1 manisha manisha   4748 Oct  6 13:54 r_left0903.jpg
-rw-rw-r-- 1 manisha manisha   5407 Oct  6 13:54 r_left0902.jpg
-rw-rw-r-- 1 manisha manisha   4588 Oct  6 13:54 r_left0901.jpg
-rw-rw-r-- 1 manisha manisha   4852 Oct  6 13:54 r_left0900.jpg
-rw-rw-r-- 1 manisha manisha   4336 Oct  6 13:55 r_left0899.jpg
-rw-rw-r-- 1 manisha manisha   5050 Oct  6 13:55 r_left0898.jpg
-rw-rw-r-- 1 manisha manisha   3853 Oct  6 13:55 r_left0897.jpg
-rw-rw-r-- 1 manisha manisha   4683 Oct  6 13:55 r_left0896.jpg
-rw-rw-r-- 1 manisha manisha   3598 Oct  6 13:56 r_left0895.jpg
-rw-rw-r-- 1 manisha manisha   4066 Oct  6 13:56 r_left0894.jpg
-rw-rw-r-- 1 manisha manisha   4105 Oct  6 13:56 r_left0893.jpg
-rw-rw-r-- 1 manisha manisha   4317 Oct  6 13:57 r_left0892.jpg
-rw-rw-r-- 1 manisha manisha   3892 Oct  6 13:57 r_left0891.jpg
-rw-rw-r-- 1 manisha manisha   4118 Oct  6 13:57 r_left0890.jpg
-rw-rw-r-- 1 manisha manisha   3789 Oct  6 13:57 r_left0889.jpg
-rw-rw-r-- 1 manisha manisha   3020 Oct  6 13:58 r_left0888.jpg
-rw-rw-r-- 1 manisha manisha   4901 Oct  6 13:58 r_left0887.jpg
-rw-rw-r-- 1 manisha manisha   3862 Oct  6 13:58 r_left0886.jpg
-rw-rw-r-- 1 manisha manisha   3931 Oct  6 13:58 r_left0885.jpg
-rw-rw-r-- 1 manisha manisha   4689 Oct  6 13:59 r_left0884.jpg
-rw-rw-r-- 1 manisha manisha   4293 Oct  6 13:59 r_left0883.jpg
-rw-rw-r-- 1 manisha manisha   3349 Oct  6 13:59 r_left0882.jpg
-rw-rw-r-- 1 manisha manisha   4074 Oct  6 14:00 r_left0881.jpg
-rw-rw-r-- 1 manisha manisha   3813 Oct  6 14:00 r_left0880.jpg
-rw-rw-r-- 1 manisha manisha   3589 Oct  6 14:00 r_left0879.jpg
-rw-rw-r-- 1 manisha manisha   3746 Oct  6 14:00 r_left0878.jpg
-rw-rw-r-- 1 manisha manisha   3699 Oct  6 14:01 r_left0877.jpg
-rw-rw-r-- 1 manisha manisha   3327 Oct  6 14:01 r_left0876.jpg
-rw-rw-r-- 1 manisha manisha   3380 Oct  6 14:01 r_left0875.jpg
-rw-rw-r-- 1 manisha manisha   2621 Oct  6 14:02 r_left0874.jpg
-rw-rw-r-- 1 manisha manisha   3257 Oct  6 14:02 r_left0873.jpg
-rw-rw-r-- 1 manisha manisha   3313 Oct  6 14:02 r_left0872.jpg
-rw-rw-r-- 1 manisha manisha   3105 Oct  6 14:03 r_left0871.jpg
-rw-rw-r-- 1 manisha manisha   3633 Oct  6 14:03 r_left0870.jpg
-rw-rw-r-- 1 manisha manisha   4046 Oct  6 14:03 r_left0869.jpg
-rw-rw-r-- 1 manisha manisha   3161 Oct  6 14:04 r_left0868.jpg
-rw-rw-r-- 1 manisha manisha   3953 Oct  6 14:04 r_left0867.jpg
-rw-rw-r-- 1 manisha manisha   3889 Oct  6 14:04 r_left0866.jpg
-rw-rw-r-- 1 manisha manisha   2965 Oct  6 14:05 r_left0865.jpg
-rw-rw-r-- 1 manisha manisha   3565 Oct  6 14:05 r_left0864.jpg
-rw-rw-r-- 1 manisha manisha   4435 Oct  6 14:05 r_left0863.jpg
-rw-rw-r-- 1 manisha manisha   3362 Oct  6 14:06 r_left0862.jpg
-rw-rw-r-- 1 manisha manisha   2443 Oct  6 14:06 r_left0861.jpg
-rw-rw-r-- 1 manisha manisha   2384 Oct  6 14:07 r_left0609.jpg
-rw-rw-r-- 1 manisha manisha   5685 Oct  6 14:07 r_left0608.jpg
-rw-rw-r-- 1 manisha manisha   8077 Oct  6 14:08 r_left0607.jpg
-rw-rw-r-- 1 manisha manisha   7593 Oct  6 14:09 r_left0606.jpg
-rw-rw-r-- 1 manisha manisha   7011 Oct  6 14:09 r_left0605.jpg
-rw-rw-r-- 1 manisha manisha   7435 Oct  6 14:09 r_left0604.jpg
-rw-rw-r-- 1 manisha manisha   6805 Oct  6 14:10 r_left0603.jpg
-rw-rw-r-- 1 manisha manisha   7621 Oct  6 14:10 r_left0602.jpg
-rw-rw-r-- 1 manisha manisha   5993 Oct  6 14:10 r_left0601.jpg
-rw-rw-r-- 1 manisha manisha   5929 Oct  6 14:10 r_left0600.jpg
-rw-rw-r-- 1 manisha manisha   6632 Oct  6 14:11 r_left0599.jpg
-rw-rw-r-- 1 manisha manisha   6550 Oct  6 14:11 r_left0598.jpg
-rw-rw-r-- 1 manisha manisha   5548 Oct  6 14:11 r_left0597.jpg
-rw-rw-r-- 1 manisha manisha   6053 Oct  6 14:11 r_left0596.jpg
-rw-rw-r-- 1 manisha manisha   5627 Oct  6 14:12 r_left0595.jpg
-rw-rw-r-- 1 manisha manisha   6564 Oct  6 14:12 r_left0594.jpg
-rw-rw-r-- 1 manisha manisha   7597 Oct  6 14:12 r_left0593.jpg
-rw-rw-r-- 1 manisha manisha   5220 Oct  6 14:13 r_left0592.jpg
-rw-rw-r-- 1 manisha manisha   6021 Oct  6 14:13 r_left0591.jpg
-rw-rw-r-- 1 manisha manisha   4773 Oct  6 14:13 r_left0590.jpg
-rw-rw-r-- 1 manisha manisha   6616 Oct  6 14:13 r_left0589.jpg
-rw-rw-r-- 1 manisha manisha   5714 Oct  6 14:18 r_left0271.jpg
-rw-rw-r-- 1 manisha manisha   6475 Oct  6 14:18 r_left0588.jpg
-rw-rw-r-- 1 manisha manisha   6005 Oct  6 14:18 r_left0587.jpg
-rw-rw-r-- 1 manisha manisha   5613 Oct  6 14:18 r_left0586.jpg
-rw-rw-r-- 1 manisha manisha   6402 Oct  6 14:19 r_left0585.jpg
-rw-rw-r-- 1 manisha manisha   7700 Oct  6 14:19 r_left0584.jpg
-rw-rw-r-- 1 manisha manisha   6127 Oct  6 14:19 r_left0583.jpg
-rw-rw-r-- 1 manisha manisha   4904 Oct  6 14:20 r_left0582.jpg
-rw-rw-r-- 1 manisha manisha   5363 Oct  6 14:20 r_left0581.jpg
-rw-rw-r-- 1 manisha manisha   5366 Oct  6 14:20 r_left0580.jpg
-rw-rw-r-- 1 manisha manisha   5423 Oct  6 14:20 r_left0579.jpg
-rw-rw-r-- 1 manisha manisha   5799 Oct  6 14:21 r_left0578.jpg
-rw-rw-r-- 1 manisha manisha   5464 Oct  6 14:21 r_left0577.jpg
-rw-rw-r-- 1 manisha manisha   6592 Oct  6 14:21 r_left0576.jpg
-rw-rw-r-- 1 manisha manisha   6878 Oct  6 14:22 r_left0575.jpg
-rw-rw-r-- 1 manisha manisha   3954 Oct  6 14:22 r_left0574.jpg
-rw-rw-r-- 1 manisha manisha   4156 Oct  6 14:22 r_left0572.jpg
-rw-rw-r-- 1 manisha manisha   5321 Oct  6 14:22 r_left0571.jpg
-rw-rw-r-- 1 manisha manisha   4442 Oct  6 14:23 r_left0570.jpg
-rw-rw-r-- 1 manisha manisha   4467 Oct  6 14:23 r_left0569.jpg
-rw-rw-r-- 1 manisha manisha   4757 Oct  6 14:23 r_left0568.jpg
-rw-rw-r-- 1 manisha manisha   4630 Oct  6 14:24 r_left0567.jpg
-rw-rw-r-- 1 manisha manisha   4614 Oct  6 14:24 r_left0566.jpg
-rw-rw-r-- 1 manisha manisha   5206 Oct  6 14:24 r_left0565.jpg
-rw-rw-r-- 1 manisha manisha   3369 Oct  6 14:25 r_left0564.jpg
-rw-rw-r-- 1 manisha manisha   4390 Oct  6 14:25 r_left0563.jpg
-rw-rw-r-- 1 manisha manisha   4448 Oct  6 14:25 r_left0562.jpg
-rw-rw-r-- 1 manisha manisha   4326 Oct  6 14:25 r_left0561.jpg
-rw-rw-r-- 1 manisha manisha   4464 Oct  6 14:26 r_left0560.jpg
-rw-rw-r-- 1 manisha manisha   4974 Oct  6 14:26 r_left0559.jpg
-rw-rw-r-- 1 manisha manisha   3717 Oct  6 14:28 r_left0557.jpg
-rw-rw-r-- 1 manisha manisha   3126 Oct  6 14:28 r_left0556.jpg
-rw-rw-r-- 1 manisha manisha   3541 Oct  6 14:29 r_left0555.jpg
-rw-rw-r-- 1 manisha manisha   3589 Oct  6 14:29 r_left0554.jpg
-rw-rw-r-- 1 manisha manisha   3457 Oct  6 14:29 r_left0553.jpg
-rw-rw-r-- 1 manisha manisha   3089 Oct  6 14:30 r_left0552.jpg
-rw-rw-r-- 1 manisha manisha   3086 Oct  6 14:30 r_left0551.jpg
-rw-rw-r-- 1 manisha manisha   3346 Oct  6 14:30 r_left0550.jpg
-rw-rw-r-- 1 manisha manisha   2998 Oct  6 14:31 r_left0229.jpg
-rw-rw-r-- 1 manisha manisha   3714 Oct  6 14:31 r_left0231.jpg
-rw-rw-r-- 1 manisha manisha   2646 Oct  6 14:31 r_left0558.jpg
-rw-rw-r-- 1 manisha manisha   3674 Oct  6 14:32 r_left0232.jpg
-rw-rw-r-- 1 manisha manisha   3953 Oct  6 14:32 r_left0549.jpg
-rw-rw-r-- 1 manisha manisha   3605 Oct  6 14:33 r_left0548.jpg
-rw-rw-r-- 1 manisha manisha   2753 Oct  6 14:33 r_left0547.jpg
-rw-rw-r-- 1 manisha manisha   2942 Oct  6 14:33 r_left0546.jpg
-rw-rw-r-- 1 manisha manisha   3270 Oct  6 14:34 r_left0545.jpg
-rw-rw-r-- 1 manisha manisha   3686 Oct  6 14:34 r_left0544.jpg
-rw-rw-r-- 1 manisha manisha   2573 Oct  6 14:34 r_left0543.jpg
-rw-rw-r-- 1 manisha manisha   2942 Oct  6 14:34 r_left0542.jpg
-rw-rw-r-- 1 manisha manisha   3602 Oct  6 14:35 r_left0541.jpg
-rw-rw-r-- 1 manisha manisha   3910 Oct  6 14:35 r_left0540.jpg
-rw-rw-r-- 1 manisha manisha   2646 Oct  6 14:35 r_left0539.jpg
-rw-rw-r-- 1 manisha manisha   3221 Oct  6 14:36 r_left0538.jpg
-rw-rw-r-- 1 manisha manisha   2697 Oct  6 14:36 r_left0537.jpg
-rw-rw-r-- 1 manisha manisha   1881 Oct  6 14:37 r_left0536.jpg
-rw-rw-r-- 1 manisha manisha   3889 Oct  6 14:37 r_left0535.jpg
-rw-rw-r-- 1 manisha manisha   3545 Oct  6 14:38 r_left0534.jpg
-rw-rw-r-- 1 manisha manisha   3313 Oct  6 14:38 r_left0533.jpg
-rw-rw-r-- 1 manisha manisha   3765 Oct  6 14:39 r_left0532.jpg
-rw-rw-r-- 1 manisha manisha   4425 Oct  6 14:39 r_left0531.jpg
-rw-rw-r-- 1 manisha manisha   3294 Oct  6 14:40 r_left0530.jpg
-rw-rw-r-- 1 manisha manisha   4669 Oct  6 14:40 r_left0298.jpg
-rw-rw-r-- 1 manisha manisha   7274 Oct  6 14:41 r_left0297.jpg
-rw-rw-r-- 1 manisha manisha   7413 Oct  6 14:41 r_left0296.jpg
-rw-rw-r-- 1 manisha manisha   8213 Oct  6 14:42 r_left0295.jpg
-rw-rw-r-- 1 manisha manisha   6799 Oct  6 14:42 r_left0294.jpg
-rw-rw-r-- 1 manisha manisha   6201 Oct  6 14:42 r_left0293.jpg
-rw-rw-r-- 1 manisha manisha   6532 Oct  6 14:43 r_left0292.jpg
-rw-rw-r-- 1 manisha manisha   7704 Oct  6 14:43 r_left0291.jpg
-rw-rw-r-- 1 manisha manisha   6883 Oct  6 14:43 r_left0290.jpg
-rw-rw-r-- 1 manisha manisha   4966 Oct  6 14:43 r_left0289.jpg
-rw-rw-r-- 1 manisha manisha   8196 Oct  6 14:44 r_left0288.jpg
-rw-rw-r-- 1 manisha manisha   5513 Oct  6 14:44 r_left0287.jpg
-rw-rw-r-- 1 manisha manisha   3923 Oct  6 14:45 r_left0230.jpg
-rw-rw-r-- 1 manisha manisha   3461 Oct  6 14:45 r_left0234.jpg
-rw-rw-r-- 1 manisha manisha   7341 Oct  6 14:46 r_left0286.jpg
-rw-rw-r-- 1 manisha manisha   7683 Oct  6 14:46 r_left0285.jpg
-rw-rw-r-- 1 manisha manisha   4490 Oct  6 14:46 r_left0284.jpg
-rw-rw-r-- 1 manisha manisha   2621 Oct  6 14:47 r_left0233.jpg
-rw-rw-r-- 1 manisha manisha   4294 Oct  6 15:40 r_left0235.jpg
-rw-rw-r-- 1 manisha manisha   5292 Oct  6 15:41 r_left0283.jpg
-rw-rw-r-- 1 manisha manisha   5247 Oct  6 15:41 r_left0282.jpg
-rw-rw-r-- 1 manisha manisha   8648 Oct  6 15:41 r_left0281.jpg
-rw-rw-r-- 1 manisha manisha   6655 Oct  6 15:41 r_left0280.jpg
-rw-rw-r-- 1 manisha manisha   5882 Oct  6 15:41 r_left0279.jpg
-rw-rw-r-- 1 manisha manisha   7559 Oct  6 15:42 r_left0278.jpg
-rw-rw-r-- 1 manisha manisha   5855 Oct  6 15:42 r_left0276.jpg
-rw-rw-r-- 1 manisha manisha   5513 Oct  6 15:42 r_left0275.jpg
-rw-rw-r-- 1 manisha manisha   5313 Oct  6 15:42 r_left0274.jpg
-rw-rw-r-- 1 manisha manisha   6556 Oct  6 15:43 r_left0273.jpg
-rw-rw-r-- 1 manisha manisha   5582 Oct  6 15:43 r_left0272.jpg
-rw-rw-r-- 1 manisha manisha   4794 Oct  6 15:43 r_left0270.jpg
-rw-rw-r-- 1 manisha manisha   4198 Oct  6 15:44 r_left0269.jpg
-rw-rw-r-- 1 manisha manisha   3649 Oct  6 15:44 r_left0266.jpg
-rw-rw-r-- 1 manisha manisha   4982 Oct  6 15:45 r_left0268.jpg
-rw-rw-r-- 1 manisha manisha   5128 Oct  6 15:45 r_left0267.jpg
-rw-rw-r-- 1 manisha manisha   4209 Oct  6 15:46 r_left0265.jpg
-rw-rw-r-- 1 manisha manisha   4470 Oct  6 15:46 r_left0264.jpg
-rw-rw-r-- 1 manisha manisha   4437 Oct  6 15:46 r_left0263.jpg
-rw-rw-r-- 1 manisha manisha   3061 Oct  6 15:46 r_left0262.jpg
-rw-rw-r-- 1 manisha manisha   3982 Oct  6 15:47 r_left0261.jpg
-rw-rw-r-- 1 manisha manisha   3310 Oct  6 15:47 r_left0260.jpg
-rw-rw-r-- 1 manisha manisha   4336 Oct  6 15:47 r_left0259.jpg
-rw-rw-r-- 1 manisha manisha   3162 Oct  6 15:47 r_left0258.jpg
-rw-rw-r-- 1 manisha manisha   3285 Oct  6 15:48 r_left0257.jpg
-rw-rw-r-- 1 manisha manisha   3454 Oct  6 15:48 r_left0256.jpg
-rw-rw-r-- 1 manisha manisha   3561 Oct  6 15:48 r_left0255.jpg
-rw-rw-r-- 1 manisha manisha   3254 Oct  6 15:48 r_left0254.jpg
-rw-rw-r-- 1 manisha manisha   2766 Oct  6 15:49 r_left0253.jpg
-rw-rw-r-- 1 manisha manisha   2953 Oct  6 15:49 r_left0252.jpg
-rw-rw-r-- 1 manisha manisha   2725 Oct  6 15:49 r_left0251.jpg
-rw-rw-r-- 1 manisha manisha   4169 Oct  6 15:49 r_left0250.jpg
-rw-rw-r-- 1 manisha manisha   3218 Oct  6 15:50 r_left0249.jpg
-rw-rw-r-- 1 manisha manisha   2603 Oct  6 15:50 r_left0248.jpg
-rw-rw-r-- 1 manisha manisha   3582 Oct  6 15:50 r_left0247.jpg
-rw-rw-r-- 1 manisha manisha   4512 Oct  6 15:51 r_left0246.jpg
-rw-rw-r-- 1 manisha manisha   3350 Oct  6 15:51 r_left0245.jpg
-rw-rw-r-- 1 manisha manisha   3289 Oct  6 15:51 r_left0244.jpg
-rw-rw-r-- 1 manisha manisha   4062 Oct  6 15:51 r_left0243.jpg
-rw-rw-r-- 1 manisha manisha   2878 Oct  6 15:52 r_left0242.jpg
-rw-rw-r-- 1 manisha manisha   3506 Oct  6 15:52 r_left0241.jpg
-rw-rw-r-- 1 manisha manisha   3213 Oct  6 15:52 r_left0240.jpg
-rw-rw-r-- 1 manisha manisha   3193 Oct  6 15:52 r_left0239.jpg
-rw-rw-r-- 1 manisha manisha   2977 Oct  6 15:53 r_left0238.jpg
-rw-rw-r-- 1 manisha manisha   3830 Oct  6 15:53 r_left0237.jpg
-rw-rw-r-- 1 manisha manisha   3678 Oct  6 15:53 r_left0236.jpg
-rw-rw-r-- 1 manisha manisha   3112 Oct  6 15:55 l_left0007.jpg
-rw-rw-r-- 1 manisha manisha   6972 Oct  6 15:55 l_left0547.jpg
-rw-rw-r-- 1 manisha manisha   7068 Oct  6 15:55 l_left0546.jpg
-rw-rw-r-- 1 manisha manisha   6465 Oct  6 15:55 l_left0545.jpg
-rw-rw-r-- 1 manisha manisha   7929 Oct  6 15:56 l_left0544.jpg
-rw-rw-r-- 1 manisha manisha   7750 Oct  6 15:56 l_left0543.jpg
-rw-rw-r-- 1 manisha manisha   7513 Oct  6 15:56 l_left0542.jpg
-rw-rw-r-- 1 manisha manisha   7342 Oct  6 15:56 l_left0541.jpg
-rw-rw-r-- 1 manisha manisha   6575 Oct  6 15:57 l_left0540.jpg
-rw-rw-r-- 1 manisha manisha   7482 Oct  6 15:57 l_left0539.jpg
-rw-rw-r-- 1 manisha manisha   6056 Oct  6 15:57 l_left0538.jpg
-rw-rw-r-- 1 manisha manisha   6556 Oct  6 15:57 l_left0537.jpg
-rw-rw-r-- 1 manisha manisha   5017 Oct  6 15:58 l_left0536.jpg
-rw-rw-r-- 1 manisha manisha   6752 Oct  6 15:58 l_left0535.jpg
-rw-rw-r-- 1 manisha manisha   6785 Oct  6 15:58 l_left0534.jpg
-rw-rw-r-- 1 manisha manisha   7179 Oct  6 15:58 l_left0533.jpg
-rw-rw-r-- 1 manisha manisha   6491 Oct  6 15:59 l_left0532.jpg
-rw-rw-r-- 1 manisha manisha   7688 Oct  6 15:59 l_left0531.jpg
-rw-rw-r-- 1 manisha manisha   7400 Oct  6 15:59 l_left0530.jpg
-rw-rw-r-- 1 manisha manisha   5167 Oct  6 15:59 l_left0529.jpg
-rw-rw-r-- 1 manisha manisha   5138 Oct  6 16:00 l_left0528.jpg
-rw-rw-r-- 1 manisha manisha   5030 Oct  6 16:00 l_left0527.jpg
-rw-rw-r-- 1 manisha manisha   5682 Oct  6 16:00 l_left0526.jpg
-rw-rw-r-- 1 manisha manisha   7742 Oct  6 16:00 l_left0525.jpg
-rw-rw-r-- 1 manisha manisha   6652 Oct  6 16:00 l_left0524.jpg
-rw-rw-r-- 1 manisha manisha   5589 Oct  6 16:01 l_left0523.jpg
-rw-rw-r-- 1 manisha manisha   6367 Oct  6 16:01 l_left0522.jpg
-rw-rw-r-- 1 manisha manisha   4677 Oct  6 16:01 l_left0521.jpg
-rw-rw-r-- 1 manisha manisha   6268 Oct  6 16:01 l_left0520.jpg
-rw-rw-r-- 1 manisha manisha   5973 Oct  6 16:02 l_left0519.jpg
-rw-rw-r-- 1 manisha manisha   6320 Oct  6 16:02 l_left0518.jpg
-rw-rw-r-- 1 manisha manisha   5515 Oct  6 16:02 l_left0517.jpg
-rw-rw-r-- 1 manisha manisha   6214 Oct  6 16:03 l_left0516.jpg
-rw-rw-r-- 1 manisha manisha   6592 Oct  6 16:03 l_left0515.jpg
-rw-rw-r-- 1 manisha manisha   6496 Oct  6 16:03 l_left0514.jpg
-rw-rw-r-- 1 manisha manisha   5075 Oct  6 16:04 l_left0513.jpg
-rw-rw-r-- 1 manisha manisha   6175 Oct  6 16:04 l_left0512.jpg
-rw-rw-r-- 1 manisha manisha   5089 Oct  6 16:04 l_left0511.jpg
-rw-rw-r-- 1 manisha manisha   6135 Oct  6 16:04 l_left0510.jpg
-rw-rw-r-- 1 manisha manisha   5672 Oct  6 16:05 l_left0509.jpg
-rw-rw-r-- 1 manisha manisha   5532 Oct  6 16:05 l_left0508.jpg
-rw-rw-r-- 1 manisha manisha   7730 Oct  6 16:05 l_left0507.jpg
-rw-rw-r-- 1 manisha manisha   5432 Oct  6 16:05 l_left0506.jpg
-rw-rw-r-- 1 manisha manisha   6015 Oct  6 16:06 l_left0505.jpg
-rw-rw-r-- 1 manisha manisha   5743 Oct  6 16:06 l_left0504.jpg
-rw-rw-r-- 1 manisha manisha   5335 Oct  6 16:06 l_left0503.jpg
-rw-rw-r-- 1 manisha manisha   5306 Oct  6 16:06 l_left0502.jpg
-rw-rw-r-- 1 manisha manisha   5431 Oct  6 16:07 l_left0501.jpg
-rw-rw-r-- 1 manisha manisha   3818 Oct  6 16:07 l_left0500.jpg
-rw-rw-r-- 1 manisha manisha   5093 Oct  6 16:07 l_left0499.jpg
-rw-rw-r-- 1 manisha manisha   3855 Oct  6 16:08 l_left0498.jpg
-rw-rw-r-- 1 manisha manisha   3277 Oct  6 16:08 l_left0497.jpg
-rw-rw-r-- 1 manisha manisha   5407 Oct  6 16:10 l_left0495.jpg
-rw-rw-r-- 1 manisha manisha   4996 Oct  6 16:11 l_left0494.jpg
-rw-rw-r-- 1 manisha manisha   3026 Oct  6 16:11 l_left0008.jpg
-rw-rw-r-- 1 manisha manisha   4591 Oct  6 16:11 l_left0493.jpg
-rw-rw-r-- 1 manisha manisha   4303 Oct  6 16:12 l_left0491.jpg
-rw-rw-r-- 1 manisha manisha   5395 Oct  6 16:18 l_left0492.jpg
-rw-rw-r-- 1 manisha manisha   5035 Oct  6 16:18 l_left0489.jpg
-rw-rw-r-- 1 manisha manisha   4834 Oct  6 16:18 l_left0488.jpg
-rw-rw-r-- 1 manisha manisha   4420 Oct  6 16:18 l_left0487.jpg
-rw-rw-r-- 1 manisha manisha   3997 Oct  6 16:18 l_left0486.jpg
-rw-rw-r-- 1 manisha manisha   4321 Oct  6 16:19 l_left0485.jpg
-rw-rw-r-- 1 manisha manisha   4260 Oct  6 16:19 l_left0484.jpg
-rw-rw-r-- 1 manisha manisha   4242 Oct  6 16:19 l_left0483.jpg
-rw-rw-r-- 1 manisha manisha   3389 Oct  6 16:19 l_left0482.jpg
-rw-rw-r-- 1 manisha manisha   3257 Oct  6 16:20 l_left0481.jpg
-rw-rw-r-- 1 manisha manisha   3654 Oct  6 16:20 l_left0480.jpg
-rw-rw-r-- 1 manisha manisha   5384 Oct  6 16:20 l_left0479.jpg
-rw-rw-r-- 1 manisha manisha   3741 Oct  6 16:20 l_left0478.jpg
-rw-rw-r-- 1 manisha manisha   3509 Oct  6 18:00 l_left0087.jpg
-rw-rw-r-- 1 manisha manisha   3233 Oct  6 18:01 l_left0477.jpg
-rw-rw-r-- 1 manisha manisha   3022 Oct  6 18:01 l_left0475.jpg
-rw-rw-r-- 1 manisha manisha   3526 Oct  6 18:02 l_left0474.jpg
-rw-rw-r-- 1 manisha manisha   2854 Oct  6 18:02 l_left0473.jpg
-rw-rw-r-- 1 manisha manisha   3497 Oct  6 18:02 l_left0472.jpg
-rw-rw-r-- 1 manisha manisha   3301 Oct  6 18:02 l_left0476.jpg
-rw-rw-r-- 1 manisha manisha   3289 Oct  6 18:03 l_left0470.jpg
-rw-rw-r-- 1 manisha manisha   3473 Oct  6 18:03 l_left0471.jpg
-rw-rw-r-- 1 manisha manisha   3285 Oct  6 18:03 l_left0469.jpg
-rw-rw-r-- 1 manisha manisha   3646 Oct  6 18:03 l_left0468.jpg
-rw-rw-r-- 1 manisha manisha   4267 Oct  6 18:04 l_left0467.jpg
-rw-rw-r-- 1 manisha manisha   3282 Oct  6 18:04 l_left0466.jpg
-rw-rw-r-- 1 manisha manisha   2305 Oct  6 18:13 l_left0009.jpg
-rw-rw-r-- 1 manisha manisha   2842 Oct  6 18:14 l_left0465.jpg
-rw-rw-r-- 1 manisha manisha   3967 Oct  6 18:14 l_left0464.jpg
-rw-rw-r-- 1 manisha manisha   3437 Oct  6 18:14 l_left0463.jpg
-rw-rw-r-- 1 manisha manisha   3206 Oct  6 18:14 l_left0462.jpg
-rw-rw-r-- 1 manisha manisha   3265 Oct  6 18:15 l_left0461.jpg
-rw-rw-r-- 1 manisha manisha   3390 Oct  6 18:15 l_left0455.jpg
-rw-rw-r-- 1 manisha manisha   3029 Oct  6 18:15 l_left0460.jpg
-rw-rw-r-- 1 manisha manisha   3234 Oct  6 18:16 l_left0459.jpg
-rw-rw-r-- 1 manisha manisha   3773 Oct  6 18:16 l_left0458.jpg
-rw-rw-r-- 1 manisha manisha   3254 Oct  6 18:16 l_left0457.jpg
-rw-rw-r-- 1 manisha manisha   3238 Oct  6 18:16 l_left0456.jpg
-rw-rw-r-- 1 manisha manisha   3173 Oct  6 18:17 l_left0454.jpg
-rw-rw-r-- 1 manisha manisha   3366 Oct  6 18:17 l_left0453.jpg
-rw-rw-r-- 1 manisha manisha   3602 Oct  6 18:17 l_left0452.jpg
-rw-rw-r-- 1 manisha manisha   4805 Oct  6 18:18 l_left0451.jpg
-rw-rw-r-- 1 manisha manisha   4105 Oct  6 18:18 l_left0450.jpg
-rw-rw-r-- 1 manisha manisha   2806 Oct  6 18:18 l_left0449.jpg
-rw-rw-r-- 1 manisha manisha   3634 Oct  6 18:18 l_left0448.jpg
-rw-rw-r-- 1 manisha manisha   2969 Oct  6 18:18 l_left0447.jpg
-rw-rw-r-- 1 manisha manisha   3401 Oct  6 18:19 l_left0446.jpg
-rw-rw-r-- 1 manisha manisha   3025 Oct  6 18:19 l_left0445.jpg
-rw-rw-r-- 1 manisha manisha   4395 Oct  6 18:19 l_left0444.jpg
-rw-rw-r-- 1 manisha manisha   3317 Oct  6 18:19 l_left0443.jpg
-rw-rw-r-- 1 manisha manisha   2966 Oct  6 18:20 l_left0442.jpg
-rw-rw-r-- 1 manisha manisha   3334 Oct  6 18:20 l_left0092.jpg
-rw-rw-r-- 1 manisha manisha   3054 Oct  6 18:21 l_left0093.jpg
-rw-rw-r-- 1 manisha manisha   3313 Oct  6 18:21 l_left0441.jpg
-rw-rw-r-- 1 manisha manisha   3345 Oct  6 18:21 l_left0440.jpg
-rw-rw-r-- 1 manisha manisha   2902 Oct  6 18:21 l_left0439.jpg
-rw-rw-r-- 1 manisha manisha   4489 Oct  6 18:22 l_left0433.jpg
-rw-rw-r-- 1 manisha manisha   3270 Oct  6 18:22 l_left0435.jpg
-rw-rw-r-- 1 manisha manisha   2937 Oct  6 18:22 l_left0436.jpg
-rw-rw-r-- 1 manisha manisha   3061 Oct  6 18:22 l_left0437.jpg
-rw-rw-r-- 1 manisha manisha   2813 Oct  6 18:23 l_left0438.jpg
-rw-rw-r-- 1 manisha manisha   3037 Oct  6 18:23 l_left0434.jpg
-rw-rw-r-- 1 manisha manisha   3330 Oct  6 18:23 l_left0432.jpg
-rw-rw-r-- 1 manisha manisha   3214 Oct  6 18:24 l_left0431.jpg
-rw-rw-r-- 1 manisha manisha   3870 Oct  6 18:24 l_left0430.jpg
-rw-rw-r-- 1 manisha manisha   2861 Oct  6 18:24 l_left0429.jpg
-rw-rw-r-- 1 manisha manisha   3062 Oct  6 18:24 l_left0428.jpg
-rw-rw-r-- 1 manisha manisha   3620 Oct  6 18:24 l_left0427.jpg
-rw-rw-r-- 1 manisha manisha   3153 Oct  6 18:25 l_left0421.jpg
-rw-rw-r-- 1 manisha manisha   2737 Oct  6 18:25 l_left0422.jpg
-rw-rw-r-- 1 manisha manisha   3070 Oct  6 18:25 l_left0424.jpg
-rw-rw-r-- 1 manisha manisha   3081 Oct  6 18:25 l_left0423.jpg
-rw-rw-r-- 1 manisha manisha   2878 Oct  6 18:26 l_left0426.jpg
-rw-rw-r-- 1 manisha manisha   3653 Oct  6 18:26 l_left0425.jpg
-rw-rw-r-- 1 manisha manisha   3853 Oct  6 18:26 l_left0415.jpg
-rw-rw-r-- 1 manisha manisha   3150 Oct  6 18:27 l_left0420.jpg
-rw-rw-r-- 1 manisha manisha   3458 Oct  6 18:27 l_left0419.jpg
-rw-rw-r-- 1 manisha manisha   3246 Oct  6 18:27 l_left0418.jpg
-rw-rw-r-- 1 manisha manisha   2977 Oct  6 18:27 l_left0417.jpg
-rw-rw-r-- 1 manisha manisha   3557 Oct  6 18:27 l_left0416.jpg
-rw-rw-r-- 1 manisha manisha   2585 Oct  6 18:28 l_left0409.jpg
-rw-rw-r-- 1 manisha manisha   3977 Oct  6 18:28 l_left0410.jpg
-rw-rw-r-- 1 manisha manisha   3062 Oct  6 18:28 l_left0414.jpg
-rw-rw-r-- 1 manisha manisha   3081 Oct  6 18:28 l_left0413.jpg
-rw-rw-r-- 1 manisha manisha   3897 Oct  6 18:29 l_left0412.jpg
-rw-rw-r-- 1 manisha manisha   3221 Oct  6 18:29 l_left0411.jpg
-rw-rw-r-- 1 manisha manisha   3349 Oct  6 18:29 l_left0408.jpg
-rw-rw-r-- 1 manisha manisha   3510 Oct  6 18:29 l_left0407.jpg
-rw-rw-r-- 1 manisha manisha   2465 Oct  6 18:30 l_left0406.jpg
-rw-rw-r-- 1 manisha manisha   2897 Oct  6 18:30 l_left0405.jpg
-rw-rw-r-- 1 manisha manisha   3153 Oct  6 18:30 l_left0404.jpg
-rw-rw-r-- 1 manisha manisha   3173 Oct  6 18:30 l_left0403.jpg
-rw-rw-r-- 1 manisha manisha   2881 Oct  6 18:30 l_left0402.jpg
-rw-rw-r-- 1 manisha manisha   3429 Oct  6 18:31 l_left0401.jpg
-rw-rw-r-- 1 manisha manisha   3298 Oct  6 18:31 l_left0400.jpg
-rw-rw-r-- 1 manisha manisha   2573 Oct  6 18:31 l_left0399.jpg
-rw-rw-r-- 1 manisha manisha   3306 Oct  6 18:31 l_left0398.jpg
-rw-rw-r-- 1 manisha manisha   3370 Oct  6 18:32 l_left0397.jpg
-rw-rw-r-- 1 manisha manisha   3226 Oct  6 18:32 l_left0396.jpg
-rw-rw-r-- 1 manisha manisha   2793 Oct  6 18:32 l_left0395.jpg
-rw-rw-r-- 1 manisha manisha   3770 Oct  6 18:33 l_left0394.jpg
-rw-rw-r-- 1 manisha manisha   2846 Oct  6 18:33 l_left0393.jpg
-rw-rw-r-- 1 manisha manisha   3234 Oct  6 18:33 l_left0392.jpg
-rw-rw-r-- 1 manisha manisha   3650 Oct  6 18:33 l_left0391.jpg
-rw-rw-r-- 1 manisha manisha   4101 Oct  6 18:34 l_left0390.jpg
-rw-rw-r-- 1 manisha manisha   3331 Oct  6 18:34 l_left0389.jpg
-rw-rw-r-- 1 manisha manisha   3422 Oct  6 18:34 l_left0388.jpg
-rw-rw-r-- 1 manisha manisha   3521 Oct  6 18:34 l_left0387.jpg
-rw-rw-r-- 1 manisha manisha   4290 Oct  6 18:34 l_left0386.jpg
-rw-rw-r-- 1 manisha manisha   3386 Oct  6 18:35 l_left0385.jpg
-rw-rw-r-- 1 manisha manisha   3282 Oct  6 18:36 l_left0058.jpg
-rw-rw-r-- 1 manisha manisha   3629 Oct  6 18:36 l_left0384.jpg
-rw-rw-r-- 1 manisha manisha   3549 Oct  6 18:36 l_left0383.jpg
-rw-rw-r-- 1 manisha manisha   3638 Oct  6 18:36 l_left0382.jpg
-rw-rw-r-- 1 manisha manisha   3286 Oct  6 18:37 l_left0381.jpg
-rw-rw-r-- 1 manisha manisha   3649 Oct  6 18:37 l_left0380.jpg
-rw-rw-r-- 1 manisha manisha   3921 Oct  6 18:37 l_left0379.jpg
-rw-rw-r-- 1 manisha manisha   4767 Oct  6 18:37 l_left0378.jpg
-rw-rw-r-- 1 manisha manisha   3736 Oct  6 18:37 l_left0377.jpg
-rw-rw-r-- 1 manisha manisha   3996 Oct  6 18:38 l_left0376.jpg
-rw-rw-r-- 1 manisha manisha   3697 Oct  6 18:38 l_left0375.jpg
-rw-rw-r-- 1 manisha manisha   4609 Oct  6 18:38 l_left0374.jpg
-rw-rw-r-- 1 manisha manisha   4438 Oct  6 18:38 l_left0373.jpg
-rw-rw-r-- 1 manisha manisha   3973 Oct  6 18:38 l_left0372.jpg
-rw-rw-r-- 1 manisha manisha   2861 Oct  6 18:39 l_left0371.jpg
-rw-rw-r-- 1 manisha manisha   4281 Oct  6 18:39 l_left0370.jpg
-rw-rw-r-- 1 manisha manisha 163543 Oct  6 18:39 l_left0369.jpg
-rw-rw-r-- 1 manisha manisha 163575 Oct  6 18:39 l_left0368.jpg
-rw-rw-r-- 1 manisha manisha   4691 Oct  6 18:40 l_left0367.jpg
-rw-rw-r-- 1 manisha manisha   3990 Oct  6 18:40 l_left0366.jpg
-rw-rw-r-- 1 manisha manisha   3517 Oct  6 18:41 l_left0365.jpg
-rw-rw-r-- 1 manisha manisha   2794 Oct  6 18:41 l_left0364.jpg
-rw-rw-r-- 1 manisha manisha   3685 Oct  6 18:41 l_left0361.jpg
-rw-rw-r-- 1 manisha manisha   4758 Oct  6 18:42 l_left0363.jpg
-rw-rw-r-- 1 manisha manisha   3815 Oct  6 18:42 l_left0362.jpg
-rw-rw-r-- 1 manisha manisha   4290 Oct  6 18:42 l_left0360.jpg
-rw-rw-r-- 1 manisha manisha   4030 Oct  6 18:43 l_left0359.jpg
-rw-rw-r-- 1 manisha manisha   4028 Oct  6 18:43 l_left0358.jpg
-rw-rw-r-- 1 manisha manisha   3394 Oct  6 18:43 l_left0357.jpg
-rw-rw-r-- 1 manisha manisha   3878 Oct  6 18:43 l_left0356.jpg
-rw-rw-r-- 1 manisha manisha   4078 Oct  6 21:16 l_left0352.jpg
-rw-rw-r-- 1 manisha manisha   3158 Oct  6 21:16 l_left0355.jpg
-rw-rw-r-- 1 manisha manisha   4242 Oct  6 21:16 l_left0354.jpg
-rw-rw-r-- 1 manisha manisha   4251 Oct  6 21:16 l_left0353.jpg
-rw-rw-r-- 1 manisha manisha   3872 Oct  6 21:17 l_left0351.jpg
-rw-rw-r-- 1 manisha manisha   4802 Oct  6 21:17 l_left0350.jpg
-rw-rw-r-- 1 manisha manisha   4311 Oct  6 21:17 l_left0349.jpg
-rw-rw-r-- 1 manisha manisha   3466 Oct  6 21:17 l_left0348.jpg
-rw-rw-r-- 1 manisha manisha   3991 Oct  6 21:17 l_left0347.jpg
-rw-rw-r-- 1 manisha manisha   3262 Oct  6 21:18 l_left0346.jpg
-rw-rw-r-- 1 manisha manisha   4185 Oct  6 21:18 l_left0345.jpg
-rw-rw-r-- 1 manisha manisha   4283 Oct  6 21:18 l_left0344.jpg
-rw-rw-r-- 1 manisha manisha   3718 Oct  6 21:18 l_left0341.jpg
-rw-rw-r-- 1 manisha manisha   3707 Oct  6 21:21 l_left0343.jpg
-rw-rw-r-- 1 manisha manisha   3844 Oct  6 21:22 l_left0342.jpg
-rw-rw-r-- 1 manisha manisha   7989 Oct  6 21:22 l_left0251.jpg
-rw-rw-r-- 1 manisha manisha   4655 Oct  6 21:23 l_left0340.jpg
-rw-rw-r-- 1 manisha manisha   5694 Oct  6 21:23 l_left0339.jpg
-rw-rw-r-- 1 manisha manisha   5300 Oct  6 21:23 l_left0338.jpg
-rw-rw-r-- 1 manisha manisha   3820 Oct  6 21:24 l_left0337.jpg
-rw-rw-r-- 1 manisha manisha   4673 Oct  6 21:24 l_left0336.jpg
-rw-rw-r-- 1 manisha manisha   4789 Oct  6 21:24 l_left0335.jpg
-rw-rw-r-- 1 manisha manisha   5337 Oct  6 21:24 l_left0334.jpg
-rw-rw-r-- 1 manisha manisha   8915 Oct  6 21:25 l_left0250.jpg
-rw-rw-r-- 1 manisha manisha   5523 Oct  6 21:25 l_left0333.jpg
-rw-rw-r-- 1 manisha manisha   5340 Oct  6 21:25 l_left0332.jpg
-rw-rw-r-- 1 manisha manisha   5580 Oct  6 21:26 l_left0331.jpg
-rw-rw-r-- 1 manisha manisha   5232 Oct  6 21:26 l_left0325.jpg
-rw-rw-r-- 1 manisha manisha   4422 Oct  6 21:26 l_left0330.jpg
-rw-rw-r-- 1 manisha manisha   5240 Oct  6 21:26 l_left0326.jpg
-rw-rw-r-- 1 manisha manisha   5259 Oct  6 21:27 l_left0327.jpg
-rw-rw-r-- 1 manisha manisha   5301 Oct  6 21:27 l_left0328.jpg
-rw-rw-r-- 1 manisha manisha   5217 Oct  6 21:27 l_left0329.jpg
-rw-rw-r-- 1 manisha manisha   5034 Oct  6 21:27 l_left0324.jpg
-rw-rw-r-- 1 manisha manisha   4229 Oct  6 21:28 l_left0010.jpg
-rw-rw-r-- 1 manisha manisha   5512 Oct  6 21:29 l_left0323.jpg
-rw-rw-r-- 1 manisha manisha   4720 Oct  6 21:29 l_left0322.jpg
-rw-rw-r-- 1 manisha manisha   5574 Oct  6 21:31 l_left0305.jpg
-rw-rw-r-- 1 manisha manisha   7511 Oct  6 21:32 l_left0253.jpg
-rw-rw-r-- 1 manisha manisha   7556 Oct  6 21:32 l_left0252.jpg
-rw-rw-r-- 1 manisha manisha   8273 Oct  6 21:33 l_left0249.jpg
-rw-rw-r-- 1 manisha manisha   9034 Oct  6 21:33 l_left0248.jpg
-rw-rw-r-- 1 manisha manisha   9805 Oct  6 21:33 l_left0247.jpg
-rw-rw-r-- 1 manisha manisha   9368 Oct  6 21:33 l_left0246.jpg
-rw-rw-r-- 1 manisha manisha  11810 Oct  6 21:34 l_left0245.jpg
-rw-rw-r-- 1 manisha manisha   9130 Oct  6 21:34 l_left0244.jpg
-rw-rw-r-- 1 manisha manisha  10220 Oct  6 21:34 l_left0243.jpg
-rw-rw-r-- 1 manisha manisha   8419 Oct  6 21:35 l_left0242.jpg
-rw-rw-r-- 1 manisha manisha   8469 Oct  6 21:35 l_left0241.jpg
-rw-rw-r-- 1 manisha manisha   4141 Oct  6 21:35 l_left0240.jpg
-rw-rw-r-- 1 manisha manisha   5042 Oct  6 21:36 l_left0182.jpg
-rw-rw-r-- 1 manisha manisha   7781 Oct  6 21:36 l_left0181.jpg
-rw-rw-r-- 1 manisha manisha 192053 Oct  6 21:36 l_left0180.jpg
-rw-rw-r-- 1 manisha manisha  10175 Oct  6 21:37 l_left0179.jpg
-rw-rw-r-- 1 manisha manisha   6714 Oct  6 21:37 l_left0178.jpg
-rw-rw-r-- 1 manisha manisha   9249 Oct  6 21:37 l_left0177.jpg
-rw-rw-r-- 1 manisha manisha   9671 Oct  6 21:37 l_left0176.jpg
-rw-rw-r-- 1 manisha manisha   8762 Oct  6 21:38 l_left0175.jpg
-rw-rw-r-- 1 manisha manisha   8769 Oct  6 21:38 l_left0174.jpg
-rw-rw-r-- 1 manisha manisha   8459 Oct  6 21:38 l_left0173.jpg
-rw-rw-r-- 1 manisha manisha   9252 Oct  6 21:39 l_left0172.jpg
-rw-rw-r-- 1 manisha manisha  11027 Oct  6 21:39 l_left0171.jpg
-rw-rw-r-- 1 manisha manisha   4373 Oct  6 21:42 l_left0011.jpg
-rw-rw-r-- 1 manisha manisha   5397 Oct  6 21:42 l_left0134.jpg
-rw-rw-r-- 1 manisha manisha   5533 Oct  6 21:43 l_left0133.jpg
-rw-rw-r-- 1 manisha manisha   5217 Oct  6 21:43 l_left0132.jpg
-rw-rw-r-- 1 manisha manisha   5648 Oct  6 21:43 l_left0131.jpg
-rw-rw-r-- 1 manisha manisha   4638 Oct  6 21:44 l_left0130.jpg
-rw-rw-r-- 1 manisha manisha   4114 Oct  6 21:44 l_left0123.jpg
-rw-rw-r-- 1 manisha manisha   4572 Oct  6 21:44 l_left0122.jpg
-rw-rw-r-- 1 manisha manisha   4286 Oct  6 21:44 l_left0121.jpg
-rw-rw-r-- 1 manisha manisha   4183 Oct  6 21:44 l_left0120.jpg
-rw-rw-r-- 1 manisha manisha   4065 Oct  6 21:45 l_left0119.jpg
-rw-rw-r-- 1 manisha manisha   3771 Oct  6 21:45 l_left0118.jpg
-rw-rw-r-- 1 manisha manisha   4152 Oct  6 21:45 l_left0117.jpg
-rw-rw-r-- 1 manisha manisha   3758 Oct  6 21:45 l_left0116.jpg
-rw-rw-r-- 1 manisha manisha   3722 Oct  6 21:46 l_left0115.jpg
-rw-rw-r-- 1 manisha manisha   3381 Oct  6 21:46 l_left0114.jpg
-rw-rw-r-- 1 manisha manisha   3549 Oct  6 21:46 l_left0113.jpg
-rw-rw-r-- 1 manisha manisha   3042 Oct  6 21:46 l_left0112.jpg
-rw-rw-r-- 1 manisha manisha   3450 Oct  6 21:47 l_left0111.jpg
-rw-rw-r-- 1 manisha manisha   2938 Oct  6 21:47 l_left0110.jpg
-rw-rw-r-- 1 manisha manisha   3725 Oct  6 21:47 l_left0109.jpg
-rw-rw-r-- 1 manisha manisha   3521 Oct  6 21:47 l_left0108.jpg
-rw-rw-r-- 1 manisha manisha   3301 Oct  6 21:48 l_left0107.jpg
-rw-rw-r-- 1 manisha manisha   3592 Oct  6 21:48 l_left0106.jpg
-rw-rw-r-- 1 manisha manisha   3925 Oct  6 21:48 l_left0105.jpg
-rw-rw-r-- 1 manisha manisha   3342 Oct  6 21:49 l_left0104.jpg
-rw-rw-r-- 1 manisha manisha   4638 Oct  6 21:49 l_left0103.jpg
-rw-rw-r-- 1 manisha manisha   4680 Oct  6 21:49 l_left0102.jpg
-rw-rw-r-- 1 manisha manisha   3426 Oct  6 21:50 l_left0101.jpg
-rw-rw-r-- 1 manisha manisha   3942 Oct  6 21:50 l_left0100.jpg
-rw-rw-r-- 1 manisha manisha   4025 Oct  6 21:50 l_left0099.jpg
-rw-rw-r-- 1 manisha manisha   4370 Oct  6 21:50 l_left0098.jpg
-rw-rw-r-- 1 manisha manisha   3838 Oct  6 21:51 l_left0097.jpg
-rw-rw-r-- 1 manisha manisha   3426 Oct  6 21:51 l_left0096.jpg
-rw-rw-r-- 1 manisha manisha   3733 Oct  6 21:51 l_left0095.jpg
-rw-rw-r-- 1 manisha manisha   3414 Oct  6 21:51 l_left0094.jpg
-rw-rw-r-- 1 manisha manisha   3193 Oct  6 21:52 l_left0091.jpg
-rw-rw-r-- 1 manisha manisha   4353 Oct  6 21:52 l_left0090.jpg
-rw-rw-r-- 1 manisha manisha   4402 Oct  6 21:52 l_left0089.jpg
-rw-rw-r-- 1 manisha manisha   3743 Oct  6 21:52 l_left0088.jpg
-rw-rw-r-- 1 manisha manisha   4229 Oct  6 21:52 l_left0086.jpg
-rw-rw-r-- 1 manisha manisha   3521 Oct  6 21:53 l_left0085.jpg
-rw-rw-r-- 1 manisha manisha   3597 Oct  6 21:53 l_left0084.jpg
-rw-rw-r-- 1 manisha manisha   3450 Oct  6 21:53 l_left0083.jpg
-rw-rw-r-- 1 manisha manisha   4821 Oct  6 21:53 l_left0082.jpg
-rw-rw-r-- 1 manisha manisha   4164 Oct  6 21:54 l_left0081.jpg
-rw-rw-r-- 1 manisha manisha   3074 Oct  6 21:54 l_left0080.jpg
-rw-rw-r-- 1 manisha manisha   4195 Oct  6 21:54 l_left0079.jpg
-rw-rw-r-- 1 manisha manisha   4527 Oct  6 21:54 l_left0078.jpg
-rw-rw-r-- 1 manisha manisha   3501 Oct  6 21:55 l_left0077.jpg
-rw-rw-r-- 1 manisha manisha   2941 Oct  6 21:56 l_left0012.jpg
-rw-rw-r-- 1 manisha manisha   4366 Oct  6 21:57 l_left0013.jpg
-rw-rw-r-- 1 manisha manisha   3477 Oct  6 21:57 l_left0072.jpg
-rw-rw-r-- 1 manisha manisha   5132 Oct  6 21:57 l_left0071.jpg
-rw-rw-r-- 1 manisha manisha   4422 Oct  6 21:58 l_left0070.jpg
-rw-rw-r-- 1 manisha manisha   4153 Oct  6 21:58 l_left0031.jpg
-rw-rw-r-- 1 manisha manisha      0 Oct  6 22:04 lsOutput.log
total 4996
-rw-rw-r-- 1 manisha manisha   2393 Oct  6 12:10 l_left0000.jpg
-rw-rw-r-- 1 manisha manisha   8957 Oct  6 12:11 l_left0658.jpg
-rw-rw-r-- 1 manisha manisha   8167 Oct  6 12:12 l_left0657.jpg
-rw-rw-r-- 1 manisha manisha   7422 Oct  6 12:16 l_left0656.jpg
-rw-rw-r-- 1 manisha manisha   6851 Oct  6 12:17 l_left0655.jpg
-rw-rw-r-- 1 manisha manisha   5975 Oct  6 12:18 l_left0654.jpg
-rw-rw-r-- 1 manisha manisha   7473 Oct  6 12:18 l_left0653.jpg
-rw-rw-r-- 1 manisha manisha   8225 Oct  6 12:19 l_left0652.jpg
-rw-rw-r-- 1 manisha manisha   8563 Oct  6 12:19 l_left0651.jpg
-rw-rw-r-- 1 manisha manisha   8284 Oct  6 12:20 l_left0650.jpg
-rw-rw-r-- 1 manisha manisha   9135 Oct  6 12:21 l_left0649.jpg
-rw-rw-r-- 1 manisha manisha   6976 Oct  6 12:22 l_left0648.jpg
-rw-rw-r-- 1 manisha manisha   6198 Oct  6 12:22 l_left0647.jpg
-rw-rw-r-- 1 manisha manisha   7346 Oct  6 12:24 l_left0646.jpg
-rw-rw-r-- 1 manisha manisha   6960 Oct  6 12:25 l_left0645.jpg
-rw-rw-r-- 1 manisha manisha   7922 Oct  6 12:25 l_left0644.jpg
-rw-rw-r-- 1 manisha manisha   3242 Oct  6 12:26 l_left0001.jpg
-rw-rw-r-- 1 manisha manisha   8118 Oct  6 12:26 l_left0643.jpg
-rw-rw-r-- 1 manisha manisha   3270 Oct  6 12:27 l_left0490.jpg
-rw-rw-r-- 1 manisha manisha   8529 Oct  6 12:28 l_left0642.jpg
-rw-rw-r-- 1 manisha manisha   7742 Oct  6 12:28 l_left0641.jpg
-rw-rw-r-- 1 manisha manisha   7918 Oct  6 12:29 l_left0640.jpg
-rw-rw-r-- 1 manisha manisha   7411 Oct  6 12:29 l_left0639.jpg
-rw-rw-r-- 1 manisha manisha   8015 Oct  6 12:30 l_left0638.jpg
-rw-rw-r-- 1 manisha manisha   9242 Oct  6 12:31 l_left0637.jpg
-rw-rw-r-- 1 manisha manisha   7556 Oct  6 12:31 l_left0636.jpg
-rw-rw-r-- 1 manisha manisha   7761 Oct  6 12:32 l_left0635.jpg
-rw-rw-r-- 1 manisha manisha   8406 Oct  6 12:32 l_left0634.jpg
-rw-rw-r-- 1 manisha manisha   8249 Oct  6 12:33 l_left0633.jpg
-rw-rw-r-- 1 manisha manisha   8470 Oct  6 12:33 l_left0632.jpg
-rw-rw-r-- 1 manisha manisha   7165 Oct  6 12:34 l_left0631.jpg
-rw-rw-r-- 1 manisha manisha   8569 Oct  6 12:34 l_left0630.jpg
-rw-rw-r-- 1 manisha manisha   7561 Oct  6 12:35 l_left0629.jpg
-rw-rw-r-- 1 manisha manisha   7552 Oct  6 12:35 l_left0628.jpg
-rw-rw-r-- 1 manisha manisha   9514 Oct  6 12:36 l_left0627.jpg
-rw-rw-r-- 1 manisha manisha   8683 Oct  6 12:36 l_left0626.jpg
-rw-rw-r-- 1 manisha manisha   7161 Oct  6 12:37 l_left0625.jpg
-rw-rw-r-- 1 manisha manisha   8241 Oct  6 12:38 l_left0624.jpg
-rw-rw-r-- 1 manisha manisha   2777 Oct  6 12:39 l_left0002.jpg
-rw-rw-r-- 1 manisha manisha   8182 Oct  6 12:39 l_left0623.jpg
-rw-rw-r-- 1 manisha manisha   8877 Oct  6 12:40 l_left0622.jpg
-rw-rw-r-- 1 manisha manisha   8590 Oct  6 12:40 l_left0621.jpg
-rw-rw-r-- 1 manisha manisha   7972 Oct  6 12:40 l_left0620.jpg
-rw-rw-r-- 1 manisha manisha   8525 Oct  6 12:41 l_left0619.jpg
-rw-rw-r-- 1 manisha manisha   8147 Oct  6 12:41 l_left0618.jpg
-rw-rw-r-- 1 manisha manisha   7110 Oct  6 12:41 l_left0617.jpg
-rw-rw-r-- 1 manisha manisha   8157 Oct  6 12:42 l_left0616.jpg
-rw-rw-r-- 1 manisha manisha   7692 Oct  6 12:42 l_left0616 (2).jpg
-rw-rw-r-- 1 manisha manisha   8084 Oct  6 12:43 l_left0615.jpg
-rw-rw-r-- 1 manisha manisha   6419 Oct  6 12:43 l_left0614.jpg
-rw-rw-r-- 1 manisha manisha   2130 Oct  6 12:44 l_left0003.jpg
-rw-rw-r-- 1 manisha manisha   7973 Oct  6 12:44 l_left0613.jpg
-rw-rw-r-- 1 manisha manisha   7617 Oct  6 12:45 l_left0612.jpg
-rw-rw-r-- 1 manisha manisha   6920 Oct  6 12:45 l_left0611.jpg
-rw-rw-r-- 1 manisha manisha   8306 Oct  6 12:45 l_left0610.jpg
-rw-rw-r-- 1 manisha manisha   8428 Oct  6 12:46 l_left0609.jpg
-rw-rw-r-- 1 manisha manisha   7107 Oct  6 12:46 l_left0608.jpg
-rw-rw-r-- 1 manisha manisha   7626 Oct  6 12:46 l_left0607.jpg
-rw-rw-r-- 1 manisha manisha   7759 Oct  6 12:47 l_left0606.jpg
-rw-rw-r-- 1 manisha manisha   8304 Oct  6 12:47 l_left0605.jpg
-rw-rw-r-- 1 manisha manisha   7336 Oct  6 12:48 l_left0604.jpg
-rw-rw-r-- 1 manisha manisha   7539 Oct  6 12:48 l_left0603.jpg
-rw-rw-r-- 1 manisha manisha   7782 Oct  6 12:48 l_left0602.jpg
-rw-rw-r-- 1 manisha manisha   8297 Oct  6 12:49 l_left0601.jpg
-rw-rw-r-- 1 manisha manisha   2202 Oct  6 12:52 l_left0004.jpg
-rw-rw-r-- 1 manisha manisha   8480 Oct  6 12:52 l_left0600.jpg
-rw-rw-r-- 1 manisha manisha   8286 Oct  6 12:52 l_left0599.jpg
-rw-rw-r-- 1 manisha manisha   8025 Oct  6 12:53 l_left0598.jpg
-rw-rw-r-- 1 manisha manisha   8392 Oct  6 12:53 l_left0597.jpg
-rw-rw-r-- 1 manisha manisha   7711 Oct  6 12:53 l_left0596.jpg
-rw-rw-r-- 1 manisha manisha   7593 Oct  6 12:54 l_left0595.jpg
-rw-rw-r-- 1 manisha manisha   7615 Oct  6 12:54 l_left0594.jpg
-rw-rw-r-- 1 manisha manisha   8867 Oct  6 12:54 l_left0593.jpg
-rw-rw-r-- 1 manisha manisha   8504 Oct  6 12:55 l_left0592.jpg
-rw-rw-r-- 1 manisha manisha   7604 Oct  6 12:55 l_left0591.jpg
-rw-rw-r-- 1 manisha manisha   7448 Oct  6 12:55 l_left0590.jpg
-rw-rw-r-- 1 manisha manisha   7196 Oct  6 12:56 l_left0589.jpg
-rw-rw-r-- 1 manisha manisha   8530 Oct  6 12:56 l_left0588.jpg
-rw-rw-r-- 1 manisha manisha   8565 Oct  6 12:56 l_left0587.jpg
-rw-rw-r-- 1 manisha manisha   8145 Oct  6 12:57 l_left0586.jpg
-rw-rw-r-- 1 manisha manisha   8748 Oct  6 12:57 l_left0585.jpg
-rw-rw-r-- 1 manisha manisha   7242 Oct  6 12:58 l_left0584.jpg
-rw-rw-r-- 1 manisha manisha   7788 Oct  6 12:58 l_left0583.jpg
-rw-rw-r-- 1 manisha manisha   8345 Oct  6 13:02 l_left0582.jpg
-rw-rw-r-- 1 manisha manisha   7976 Oct  6 13:03 l_left0581.jpg
-rw-rw-r-- 1 manisha manisha   7254 Oct  6 13:03 l_left0580.jpg
-rw-rw-r-- 1 manisha manisha   7538 Oct  6 13:04 l_left0579.jpg
-rw-rw-r-- 1 manisha manisha   7357 Oct  6 13:05 l_left0578.jpg
-rw-rw-r-- 1 manisha manisha   8200 Oct  6 13:05 l_left0577.jpg
-rw-rw-r-- 1 manisha manisha   7790 Oct  6 13:06 l_left0576.jpg
-rw-rw-r-- 1 manisha manisha   6553 Oct  6 13:06 l_left0575.jpg
-rw-rw-r-- 1 manisha manisha   8709 Oct  6 13:07 l_left0574.jpg
-rw-rw-r-- 1 manisha manisha   8521 Oct  6 13:07 l_left0573.jpg
-rw-rw-r-- 1 manisha manisha   8163 Oct  6 13:12 l_left0572.jpg
-rw-rw-r-- 1 manisha manisha   7306 Oct  6 13:12 l_left0571.jpg
-rw-rw-r-- 1 manisha manisha   8399 Oct  6 13:13 l_left0570.jpg
-rw-rw-r-- 1 manisha manisha   8238 Oct  6 13:17 l_left0569.jpg
-rw-rw-r-- 1 manisha manisha   8420 Oct  6 13:17 l_left0568.jpg
-rw-rw-r-- 1 manisha manisha   6216 Oct  6 13:18 l_left0567.jpg
-rw-rw-r-- 1 manisha manisha   7423 Oct  6 13:18 l_left0566.jpg
-rw-rw-r-- 1 manisha manisha   4185 Oct  6 13:23 l_left0005.jpg
-rw-rw-r-- 1 manisha manisha   2101 Oct  6 13:25 l_left0006.jpg
-rw-rw-r-- 1 manisha manisha   8037 Oct  6 13:25 l_left0565.jpg
-rw-rw-r-- 1 manisha manisha   8553 Oct  6 13:34 l_left0564.jpg
-rw-rw-r-- 1 manisha manisha   8089 Oct  6 13:34 l_left0563.jpg
-rw-rw-r-- 1 manisha manisha   7120 Oct  6 13:35 l_left0562.jpg
-rw-rw-r-- 1 manisha manisha   8261 Oct  6 13:35 l_left0561.jpg
-rw-rw-r-- 1 manisha manisha   8101 Oct  6 13:35 l_left0560.jpg
-rw-rw-r-- 1 manisha manisha   9195 Oct  6 13:35 l_left0559.jpg
-rw-rw-r-- 1 manisha manisha   8422 Oct  6 13:36 l_left0558.jpg
-rw-rw-r-- 1 manisha manisha   7803 Oct  6 13:36 l_left0557.jpg
-rw-rw-r-- 1 manisha manisha   8746 Oct  6 13:37 l_left0556.jpg
-rw-rw-r-- 1 manisha manisha   8467 Oct  6 13:37 l_left0555.jpg
-rw-rw-r-- 1 manisha manisha   8487 Oct  6 13:37 l_left0554.jpg
-rw-rw-r-- 1 manisha manisha   8187 Oct  6 13:38 l_left0553.jpg
-rw-rw-r-- 1 manisha manisha   7746 Oct  6 13:38 l_left0552.jpg
-rw-rw-r-- 1 manisha manisha   7300 Oct  6 13:38 l_left0551.jpg
-rw-rw-r-- 1 manisha manisha   8722 Oct  6 13:38 l_left0550.jpg
-rw-rw-r-- 1 manisha manisha   8700 Oct  6 13:39 l_left0549.jpg
-rw-rw-r-- 1 manisha manisha   9193 Oct  6 13:39 l_left0548.jpg
-rw-rw-r-- 1 manisha manisha   7266 Oct  6 13:41 r_left0277.jpg
-rw-rw-r-- 1 manisha manisha   6387 Oct  6 13:41 r_left0928.jpg
-rw-rw-r-- 1 manisha manisha   9221 Oct  6 13:42 r_left0927.jpg
-rw-rw-r-- 1 manisha manisha  10486 Oct  6 13:42 r_left0926.jpg
-rw-rw-r-- 1 manisha manisha   6993 Oct  6 13:42 r_left0925.jpg
-rw-rw-r-- 1 manisha manisha   7963 Oct  6 13:43 r_left0924.jpg
-rw-rw-r-- 1 manisha manisha   4500 Oct  6 13:43 r_left0573.jpg
-rw-rw-r-- 1 manisha manisha   8559 Oct  6 13:44 r_left0923.jpg
-rw-rw-r-- 1 manisha manisha   8886 Oct  6 13:44 r_left0922.jpg
-rw-rw-r-- 1 manisha manisha   7148 Oct  6 13:44 r_left0921.jpg
-rw-rw-r-- 1 manisha manisha   5932 Oct  6 13:45 r_left0920.jpg
-rw-rw-r-- 1 manisha manisha   5353 Oct  6 13:45 r_left0919.jpg
-rw-rw-r-- 1 manisha manisha   5648 Oct  6 13:45 r_left0914.jpg
-rw-rw-r-- 1 manisha manisha   6839 Oct  6 13:47 r_left0918.jpg
-rw-rw-r-- 1 manisha manisha   5546 Oct  6 13:47 r_left0917.jpg
-rw-rw-r-- 1 manisha manisha   4903 Oct  6 13:48 r_left0916.jpg
-rw-rw-r-- 1 manisha manisha   6546 Oct  6 13:48 r_left0915.jpg
-rw-rw-r-- 1 manisha manisha   5152 Oct  6 13:48 r_left0913.jpg
-rw-rw-r-- 1 manisha manisha   5524 Oct  6 13:50 r_left0912.jpg
-rw-rw-r-- 1 manisha manisha   4614 Oct  6 13:51 r_left0911.jpg
-rw-rw-r-- 1 manisha manisha   5824 Oct  6 13:51 r_left0910.jpg
-rw-rw-r-- 1 manisha manisha   6679 Oct  6 13:52 r_left0909.jpg
-rw-rw-r-- 1 manisha manisha   5023 Oct  6 13:52 r_left0908.jpg
-rw-rw-r-- 1 manisha manisha   5035 Oct  6 13:52 r_left0907.jpg
-rw-rw-r-- 1 manisha manisha   5906 Oct  6 13:53 r_left0906.jpg
-rw-rw-r-- 1 manisha manisha   5749 Oct  6 13:53 r_left0905.jpg
-rw-rw-r-- 1 manisha manisha   5589 Oct  6 13:53 r_left0904.jpg
-rw-rw-r-- 1 manisha manisha   4748 Oct  6 13:54 r_left0903.jpg
-rw-rw-r-- 1 manisha manisha   5407 Oct  6 13:54 r_left0902.jpg
-rw-rw-r-- 1 manisha manisha   4588 Oct  6 13:54 r_left0901.jpg
-rw-rw-r-- 1 manisha manisha   4852 Oct  6 13:54 r_left0900.jpg
-rw-rw-r-- 1 manisha manisha   4336 Oct  6 13:55 r_left0899.jpg
-rw-rw-r-- 1 manisha manisha   5050 Oct  6 13:55 r_left0898.jpg
-rw-rw-r-- 1 manisha manisha   3853 Oct  6 13:55 r_left0897.jpg
-rw-rw-r-- 1 manisha manisha   4683 Oct  6 13:55 r_left0896.jpg
-rw-rw-r-- 1 manisha manisha   3598 Oct  6 13:56 r_left0895.jpg
-rw-rw-r-- 1 manisha manisha   4066 Oct  6 13:56 r_left0894.jpg
-rw-rw-r-- 1 manisha manisha   4105 Oct  6 13:56 r_left0893.jpg
-rw-rw-r-- 1 manisha manisha   4317 Oct  6 13:57 r_left0892.jpg
-rw-rw-r-- 1 manisha manisha   3892 Oct  6 13:57 r_left0891.jpg
-rw-rw-r-- 1 manisha manisha   4118 Oct  6 13:57 r_left0890.jpg
-rw-rw-r-- 1 manisha manisha   3789 Oct  6 13:57 r_left0889.jpg
-rw-rw-r-- 1 manisha manisha   3020 Oct  6 13:58 r_left0888.jpg
-rw-rw-r-- 1 manisha manisha   4901 Oct  6 13:58 r_left0887.jpg
-rw-rw-r-- 1 manisha manisha   3862 Oct  6 13:58 r_left0886.jpg
-rw-rw-r-- 1 manisha manisha   3931 Oct  6 13:58 r_left0885.jpg
-rw-rw-r-- 1 manisha manisha   4689 Oct  6 13:59 r_left0884.jpg
-rw-rw-r-- 1 manisha manisha   4293 Oct  6 13:59 r_left0883.jpg
-rw-rw-r-- 1 manisha manisha   3349 Oct  6 13:59 r_left0882.jpg
-rw-rw-r-- 1 manisha manisha   4074 Oct  6 14:00 r_left0881.jpg
-rw-rw-r-- 1 manisha manisha   3813 Oct  6 14:00 r_left0880.jpg
-rw-rw-r-- 1 manisha manisha   3589 Oct  6 14:00 r_left0879.jpg
-rw-rw-r-- 1 manisha manisha   3746 Oct  6 14:00 r_left0878.jpg
-rw-rw-r-- 1 manisha manisha   3699 Oct  6 14:01 r_left0877.jpg
-rw-rw-r-- 1 manisha manisha   3327 Oct  6 14:01 r_left0876.jpg
-rw-rw-r-- 1 manisha manisha   3380 Oct  6 14:01 r_left0875.jpg
-rw-rw-r-- 1 manisha manisha   2621 Oct  6 14:02 r_left0874.jpg
-rw-rw-r-- 1 manisha manisha   3257 Oct  6 14:02 r_left0873.jpg
-rw-rw-r-- 1 manisha manisha   3313 Oct  6 14:02 r_left0872.jpg
-rw-rw-r-- 1 manisha manisha   3105 Oct  6 14:03 r_left0871.jpg
-rw-rw-r-- 1 manisha manisha   3633 Oct  6 14:03 r_left0870.jpg
-rw-rw-r-- 1 manisha manisha   4046 Oct  6 14:03 r_left0869.jpg
-rw-rw-r-- 1 manisha manisha   3161 Oct  6 14:04 r_left0868.jpg
-rw-rw-r-- 1 manisha manisha   3953 Oct  6 14:04 r_left0867.jpg
-rw-rw-r-- 1 manisha manisha   3889 Oct  6 14:04 r_left0866.jpg
-rw-rw-r-- 1 manisha manisha   2965 Oct  6 14:05 r_left0865.jpg
-rw-rw-r-- 1 manisha manisha   3565 Oct  6 14:05 r_left0864.jpg
-rw-rw-r-- 1 manisha manisha   4435 Oct  6 14:05 r_left0863.jpg
-rw-rw-r-- 1 manisha manisha   3362 Oct  6 14:06 r_left0862.jpg
-rw-rw-r-- 1 manisha manisha   2443 Oct  6 14:06 r_left0861.jpg
-rw-rw-r-- 1 manisha manisha   2384 Oct  6 14:07 r_left0609.jpg
-rw-rw-r-- 1 manisha manisha   5685 Oct  6 14:07 r_left0608.jpg
-rw-rw-r-- 1 manisha manisha   8077 Oct  6 14:08 r_left0607.jpg
-rw-rw-r-- 1 manisha manisha   7593 Oct  6 14:09 r_left0606.jpg
-rw-rw-r-- 1 manisha manisha   7011 Oct  6 14:09 r_left0605.jpg
-rw-rw-r-- 1 manisha manisha   7435 Oct  6 14:09 r_left0604.jpg
-rw-rw-r-- 1 manisha manisha   6805 Oct  6 14:10 r_left0603.jpg
-rw-rw-r-- 1 manisha manisha   7621 Oct  6 14:10 r_left0602.jpg
-rw-rw-r-- 1 manisha manisha   5993 Oct  6 14:10 r_left0601.jpg
-rw-rw-r-- 1 manisha manisha   5929 Oct  6 14:10 r_left0600.jpg
-rw-rw-r-- 1 manisha manisha   6632 Oct  6 14:11 r_left0599.jpg
-rw-rw-r-- 1 manisha manisha   6550 Oct  6 14:11 r_left0598.jpg
-rw-rw-r-- 1 manisha manisha   5548 Oct  6 14:11 r_left0597.jpg
-rw-rw-r-- 1 manisha manisha   6053 Oct  6 14:11 r_left0596.jpg
-rw-rw-r-- 1 manisha manisha   5627 Oct  6 14:12 r_left0595.jpg
-rw-rw-r-- 1 manisha manisha   6564 Oct  6 14:12 r_left0594.jpg
-rw-rw-r-- 1 manisha manisha   7597 Oct  6 14:12 r_left0593.jpg
-rw-rw-r-- 1 manisha manisha   5220 Oct  6 14:13 r_left0592.jpg
-rw-rw-r-- 1 manisha manisha   6021 Oct  6 14:13 r_left0591.jpg
-rw-rw-r-- 1 manisha manisha   4773 Oct  6 14:13 r_left0590.jpg
-rw-rw-r-- 1 manisha manisha   6616 Oct  6 14:13 r_left0589.jpg
-rw-rw-r-- 1 manisha manisha   5714 Oct  6 14:18 r_left0271.jpg
-rw-rw-r-- 1 manisha manisha   6475 Oct  6 14:18 r_left0588.jpg
-rw-rw-r-- 1 manisha manisha   6005 Oct  6 14:18 r_left0587.jpg
-rw-rw-r-- 1 manisha manisha   5613 Oct  6 14:18 r_left0586.jpg
-rw-rw-r-- 1 manisha manisha   6402 Oct  6 14:19 r_left0585.jpg
-rw-rw-r-- 1 manisha manisha   7700 Oct  6 14:19 r_left0584.jpg
-rw-rw-r-- 1 manisha manisha   6127 Oct  6 14:19 r_left0583.jpg
-rw-rw-r-- 1 manisha manisha   4904 Oct  6 14:20 r_left0582.jpg
-rw-rw-r-- 1 manisha manisha   5363 Oct  6 14:20 r_left0581.jpg
-rw-rw-r-- 1 manisha manisha   5366 Oct  6 14:20 r_left0580.jpg
-rw-rw-r-- 1 manisha manisha   5423 Oct  6 14:20 r_left0579.jpg
-rw-rw-r-- 1 manisha manisha   5799 Oct  6 14:21 r_left0578.jpg
-rw-rw-r-- 1 manisha manisha   5464 Oct  6 14:21 r_left0577.jpg
-rw-rw-r-- 1 manisha manisha   6592 Oct  6 14:21 r_left0576.jpg
-rw-rw-r-- 1 manisha manisha   6878 Oct  6 14:22 r_left0575.jpg
-rw-rw-r-- 1 manisha manisha   3954 Oct  6 14:22 r_left0574.jpg
-rw-rw-r-- 1 manisha manisha   4156 Oct  6 14:22 r_left0572.jpg
-rw-rw-r-- 1 manisha manisha   5321 Oct  6 14:22 r_left0571.jpg
-rw-rw-r-- 1 manisha manisha   4442 Oct  6 14:23 r_left0570.jpg
-rw-rw-r-- 1 manisha manisha   4467 Oct  6 14:23 r_left0569.jpg
-rw-rw-r-- 1 manisha manisha   4757 Oct  6 14:23 r_left0568.jpg
-rw-rw-r-- 1 manisha manisha   4630 Oct  6 14:24 r_left0567.jpg
-rw-rw-r-- 1 manisha manisha   4614 Oct  6 14:24 r_left0566.jpg
-rw-rw-r-- 1 manisha manisha   5206 Oct  6 14:24 r_left0565.jpg
-rw-rw-r-- 1 manisha manisha   3369 Oct  6 14:25 r_left0564.jpg
-rw-rw-r-- 1 manisha manisha   4390 Oct  6 14:25 r_left0563.jpg
-rw-rw-r-- 1 manisha manisha   4448 Oct  6 14:25 r_left0562.jpg
-rw-rw-r-- 1 manisha manisha   4326 Oct  6 14:25 r_left0561.jpg
-rw-rw-r-- 1 manisha manisha   4464 Oct  6 14:26 r_left0560.jpg
-rw-rw-r-- 1 manisha manisha   4974 Oct  6 14:26 r_left0559.jpg
-rw-rw-r-- 1 manisha manisha   3717 Oct  6 14:28 r_left0557.jpg
-rw-rw-r-- 1 manisha manisha   3126 Oct  6 14:28 r_left0556.jpg
-rw-rw-r-- 1 manisha manisha   3541 Oct  6 14:29 r_left0555.jpg
-rw-rw-r-- 1 manisha manisha   3589 Oct  6 14:29 r_left0554.jpg
-rw-rw-r-- 1 manisha manisha   3457 Oct  6 14:29 r_left0553.jpg
-rw-rw-r-- 1 manisha manisha   3089 Oct  6 14:30 r_left0552.jpg
-rw-rw-r-- 1 manisha manisha   3086 Oct  6 14:30 r_left0551.jpg
-rw-rw-r-- 1 manisha manisha   3346 Oct  6 14:30 r_left0550.jpg
-rw-rw-r-- 1 manisha manisha   2998 Oct  6 14:31 r_left0229.jpg
-rw-rw-r-- 1 manisha manisha   3714 Oct  6 14:31 r_left0231.jpg
-rw-rw-r-- 1 manisha manisha   2646 Oct  6 14:31 r_left0558.jpg
-rw-rw-r-- 1 manisha manisha   3674 Oct  6 14:32 r_left0232.jpg
-rw-rw-r-- 1 manisha manisha   3953 Oct  6 14:32 r_left0549.jpg
-rw-rw-r-- 1 manisha manisha   3605 Oct  6 14:33 r_left0548.jpg
-rw-rw-r-- 1 manisha manisha   2753 Oct  6 14:33 r_left0547.jpg
-rw-rw-r-- 1 manisha manisha   2942 Oct  6 14:33 r_left0546.jpg
-rw-rw-r-- 1 manisha manisha   3270 Oct  6 14:34 r_left0545.jpg
-rw-rw-r-- 1 manisha manisha   3686 Oct  6 14:34 r_left0544.jpg
-rw-rw-r-- 1 manisha manisha   2573 Oct  6 14:34 r_left0543.jpg
-rw-rw-r-- 1 manisha manisha   2942 Oct  6 14:34 r_left0542.jpg
-rw-rw-r-- 1 manisha manisha   3602 Oct  6 14:35 r_left0541.jpg
-rw-rw-r-- 1 manisha manisha   3910 Oct  6 14:35 r_left0540.jpg
-rw-rw-r-- 1 manisha manisha   2646 Oct  6 14:35 r_left0539.jpg
-rw-rw-r-- 1 manisha manisha   3221 Oct  6 14:36 r_left0538.jpg
-rw-rw-r-- 1 manisha manisha   2697 Oct  6 14:36 r_left0537.jpg
-rw-rw-r-- 1 manisha manisha   1881 Oct  6 14:37 r_left0536.jpg
-rw-rw-r-- 1 manisha manisha   3889 Oct  6 14:37 r_left0535.jpg
-rw-rw-r-- 1 manisha manisha   3545 Oct  6 14:38 r_left0534.jpg
-rw-rw-r-- 1 manisha manisha   3313 Oct  6 14:38 r_left0533.jpg
-rw-rw-r-- 1 manisha manisha   3765 Oct  6 14:39 r_left0532.jpg
-rw-rw-r-- 1 manisha manisha   4425 Oct  6 14:39 r_left0531.jpg
-rw-rw-r-- 1 manisha manisha   3294 Oct  6 14:40 r_left0530.jpg
-rw-rw-r-- 1 manisha manisha   4669 Oct  6 14:40 r_left0298.jpg
-rw-rw-r-- 1 manisha manisha   7274 Oct  6 14:41 r_left0297.jpg
-rw-rw-r-- 1 manisha manisha   7413 Oct  6 14:41 r_left0296.jpg
-rw-rw-r-- 1 manisha manisha   8213 Oct  6 14:42 r_left0295.jpg
-rw-rw-r-- 1 manisha manisha   6799 Oct  6 14:42 r_left0294.jpg
-rw-rw-r-- 1 manisha manisha   6201 Oct  6 14:42 r_left0293.jpg
-rw-rw-r-- 1 manisha manisha   6532 Oct  6 14:43 r_left0292.jpg
-rw-rw-r-- 1 manisha manisha   7704 Oct  6 14:43 r_left0291.jpg
-rw-rw-r-- 1 manisha manisha   6883 Oct  6 14:43 r_left0290.jpg
-rw-rw-r-- 1 manisha manisha   4966 Oct  6 14:43 r_left0289.jpg
-rw-rw-r-- 1 manisha manisha   8196 Oct  6 14:44 r_left0288.jpg
-rw-rw-r-- 1 manisha manisha   5513 Oct  6 14:44 r_left0287.jpg
-rw-rw-r-- 1 manisha manisha   3923 Oct  6 14:45 r_left0230.jpg
-rw-rw-r-- 1 manisha manisha   3461 Oct  6 14:45 r_left0234.jpg
-rw-rw-r-- 1 manisha manisha   7341 Oct  6 14:46 r_left0286.jpg
-rw-rw-r-- 1 manisha manisha   7683 Oct  6 14:46 r_left0285.jpg
-rw-rw-r-- 1 manisha manisha   4490 Oct  6 14:46 r_left0284.jpg
-rw-rw-r-- 1 manisha manisha   2621 Oct  6 14:47 r_left0233.jpg
-rw-rw-r-- 1 manisha manisha   4294 Oct  6 15:40 r_left0235.jpg
-rw-rw-r-- 1 manisha manisha   5292 Oct  6 15:41 r_left0283.jpg
-rw-rw-r-- 1 manisha manisha   5247 Oct  6 15:41 r_left0282.jpg
-rw-rw-r-- 1 manisha manisha   8648 Oct  6 15:41 r_left0281.jpg
-rw-rw-r-- 1 manisha manisha   6655 Oct  6 15:41 r_left0280.jpg
-rw-rw-r-- 1 manisha manisha   5882 Oct  6 15:41 r_left0279.jpg
-rw-rw-r-- 1 manisha manisha   7559 Oct  6 15:42 r_left0278.jpg
-rw-rw-r-- 1 manisha manisha   5855 Oct  6 15:42 r_left0276.jpg
-rw-rw-r-- 1 manisha manisha   5513 Oct  6 15:42 r_left0275.jpg
-rw-rw-r-- 1 manisha manisha   5313 Oct  6 15:42 r_left0274.jpg
-rw-rw-r-- 1 manisha manisha   6556 Oct  6 15:43 r_left0273.jpg
-rw-rw-r-- 1 manisha manisha   5582 Oct  6 15:43 r_left0272.jpg
-rw-rw-r-- 1 manisha manisha   4794 Oct  6 15:43 r_left0270.jpg
-rw-rw-r-- 1 manisha manisha   4198 Oct  6 15:44 r_left0269.jpg
-rw-rw-r-- 1 manisha manisha   3649 Oct  6 15:44 r_left0266.jpg
-rw-rw-r-- 1 manisha manisha   4982 Oct  6 15:45 r_left0268.jpg
-rw-rw-r-- 1 manisha manisha   5128 Oct  6 15:45 r_left0267.jpg
-rw-rw-r-- 1 manisha manisha   4209 Oct  6 15:46 r_left0265.jpg
-rw-rw-r-- 1 manisha manisha   4470 Oct  6 15:46 r_left0264.jpg
-rw-rw-r-- 1 manisha manisha   4437 Oct  6 15:46 r_left0263.jpg
-rw-rw-r-- 1 manisha manisha   3061 Oct  6 15:46 r_left0262.jpg
-rw-rw-r-- 1 manisha manisha   3982 Oct  6 15:47 r_left0261.jpg
-rw-rw-r-- 1 manisha manisha   3310 Oct  6 15:47 r_left0260.jpg
-rw-rw-r-- 1 manisha manisha   4336 Oct  6 15:47 r_left0259.jpg
-rw-rw-r-- 1 manisha manisha   3162 Oct  6 15:47 r_left0258.jpg
-rw-rw-r-- 1 manisha manisha   3285 Oct  6 15:48 r_left0257.jpg
-rw-rw-r-- 1 manisha manisha   3454 Oct  6 15:48 r_left0256.jpg
-rw-rw-r-- 1 manisha manisha   3561 Oct  6 15:48 r_left0255.jpg
-rw-rw-r-- 1 manisha manisha   3254 Oct  6 15:48 r_left0254.jpg
-rw-rw-r-- 1 manisha manisha   2766 Oct  6 15:49 r_left0253.jpg
-rw-rw-r-- 1 manisha manisha   2953 Oct  6 15:49 r_left0252.jpg
-rw-rw-r-- 1 manisha manisha   2725 Oct  6 15:49 r_left0251.jpg
-rw-rw-r-- 1 manisha manisha   4169 Oct  6 15:49 r_left0250.jpg
-rw-rw-r-- 1 manisha manisha   3218 Oct  6 15:50 r_left0249.jpg
-rw-rw-r-- 1 manisha manisha   2603 Oct  6 15:50 r_left0248.jpg
-rw-rw-r-- 1 manisha manisha   3582 Oct  6 15:50 r_left0247.jpg
-rw-rw-r-- 1 manisha manisha   4512 Oct  6 15:51 r_left0246.jpg
-rw-rw-r-- 1 manisha manisha   3350 Oct  6 15:51 r_left0245.jpg
-rw-rw-r-- 1 manisha manisha   3289 Oct  6 15:51 r_left0244.jpg
-rw-rw-r-- 1 manisha manisha   4062 Oct  6 15:51 r_left0243.jpg
-rw-rw-r-- 1 manisha manisha   2878 Oct  6 15:52 r_left0242.jpg
-rw-rw-r-- 1 manisha manisha   3506 Oct  6 15:52 r_left0241.jpg
-rw-rw-r-- 1 manisha manisha   3213 Oct  6 15:52 r_left0240.jpg
-rw-rw-r-- 1 manisha manisha   3193 Oct  6 15:52 r_left0239.jpg
-rw-rw-r-- 1 manisha manisha   2977 Oct  6 15:53 r_left0238.jpg
-rw-rw-r-- 1 manisha manisha   3830 Oct  6 15:53 r_left0237.jpg
-rw-rw-r-- 1 manisha manisha   3678 Oct  6 15:53 r_left0236.jpg
-rw-rw-r-- 1 manisha manisha   3112 Oct  6 15:55 l_left0007.jpg
-rw-rw-r-- 1 manisha manisha   6972 Oct  6 15:55 l_left0547.jpg
-rw-rw-r-- 1 manisha manisha   7068 Oct  6 15:55 l_left0546.jpg
-rw-rw-r-- 1 manisha manisha   6465 Oct  6 15:55 l_left0545.jpg
-rw-rw-r-- 1 manisha manisha   7929 Oct  6 15:56 l_left0544.jpg
-rw-rw-r-- 1 manisha manisha   7750 Oct  6 15:56 l_left0543.jpg
-rw-rw-r-- 1 manisha manisha   7513 Oct  6 15:56 l_left0542.jpg
-rw-rw-r-- 1 manisha manisha   7342 Oct  6 15:56 l_left0541.jpg
-rw-rw-r-- 1 manisha manisha   6575 Oct  6 15:57 l_left0540.jpg
-rw-rw-r-- 1 manisha manisha   7482 Oct  6 15:57 l_left0539.jpg
-rw-rw-r-- 1 manisha manisha   6056 Oct  6 15:57 l_left0538.jpg
-rw-rw-r-- 1 manisha manisha   6556 Oct  6 15:57 l_left0537.jpg
-rw-rw-r-- 1 manisha manisha   5017 Oct  6 15:58 l_left0536.jpg
-rw-rw-r-- 1 manisha manisha   6752 Oct  6 15:58 l_left0535.jpg
-rw-rw-r-- 1 manisha manisha   6785 Oct  6 15:58 l_left0534.jpg
-rw-rw-r-- 1 manisha manisha   7179 Oct  6 15:58 l_left0533.jpg
-rw-rw-r-- 1 manisha manisha   6491 Oct  6 15:59 l_left0532.jpg
-rw-rw-r-- 1 manisha manisha   7688 Oct  6 15:59 l_left0531.jpg
-rw-rw-r-- 1 manisha manisha   7400 Oct  6 15:59 l_left0530.jpg
-rw-rw-r-- 1 manisha manisha   5167 Oct  6 15:59 l_left0529.jpg
-rw-rw-r-- 1 manisha manisha   5138 Oct  6 16:00 l_left0528.jpg
-rw-rw-r-- 1 manisha manisha   5030 Oct  6 16:00 l_left0527.jpg
-rw-rw-r-- 1 manisha manisha   5682 Oct  6 16:00 l_left0526.jpg
-rw-rw-r-- 1 manisha manisha   7742 Oct  6 16:00 l_left0525.jpg
-rw-rw-r-- 1 manisha manisha   6652 Oct  6 16:00 l_left0524.jpg
-rw-rw-r-- 1 manisha manisha   5589 Oct  6 16:01 l_left0523.jpg
-rw-rw-r-- 1 manisha manisha   6367 Oct  6 16:01 l_left0522.jpg
-rw-rw-r-- 1 manisha manisha   4677 Oct  6 16:01 l_left0521.jpg
-rw-rw-r-- 1 manisha manisha   6268 Oct  6 16:01 l_left0520.jpg
-rw-rw-r-- 1 manisha manisha   5973 Oct  6 16:02 l_left0519.jpg
-rw-rw-r-- 1 manisha manisha   6320 Oct  6 16:02 l_left0518.jpg
-rw-rw-r-- 1 manisha manisha   5515 Oct  6 16:02 l_left0517.jpg
-rw-rw-r-- 1 manisha manisha   6214 Oct  6 16:03 l_left0516.jpg
-rw-rw-r-- 1 manisha manisha   6592 Oct  6 16:03 l_left0515.jpg
-rw-rw-r-- 1 manisha manisha   6496 Oct  6 16:03 l_left0514.jpg
-rw-rw-r-- 1 manisha manisha   5075 Oct  6 16:04 l_left0513.jpg
-rw-rw-r-- 1 manisha manisha   6175 Oct  6 16:04 l_left0512.jpg
-rw-rw-r-- 1 manisha manisha   5089 Oct  6 16:04 l_left0511.jpg
-rw-rw-r-- 1 manisha manisha   6135 Oct  6 16:04 l_left0510.jpg
-rw-rw-r-- 1 manisha manisha   5672 Oct  6 16:05 l_left0509.jpg
-rw-rw-r-- 1 manisha manisha   5532 Oct  6 16:05 l_left0508.jpg
-rw-rw-r-- 1 manisha manisha   7730 Oct  6 16:05 l_left0507.jpg
-rw-rw-r-- 1 manisha manisha   5432 Oct  6 16:05 l_left0506.jpg
-rw-rw-r-- 1 manisha manisha   6015 Oct  6 16:06 l_left0505.jpg
-rw-rw-r-- 1 manisha manisha   5743 Oct  6 16:06 l_left0504.jpg
-rw-rw-r-- 1 manisha manisha   5335 Oct  6 16:06 l_left0503.jpg
-rw-rw-r-- 1 manisha manisha   5306 Oct  6 16:06 l_left0502.jpg
-rw-rw-r-- 1 manisha manisha   5431 Oct  6 16:07 l_left0501.jpg
-rw-rw-r-- 1 manisha manisha   3818 Oct  6 16:07 l_left0500.jpg
-rw-rw-r-- 1 manisha manisha   5093 Oct  6 16:07 l_left0499.jpg
-rw-rw-r-- 1 manisha manisha   3855 Oct  6 16:08 l_left0498.jpg
-rw-rw-r-- 1 manisha manisha   3277 Oct  6 16:08 l_left0497.jpg
-rw-rw-r-- 1 manisha manisha   5407 Oct  6 16:10 l_left0495.jpg
-rw-rw-r-- 1 manisha manisha   4996 Oct  6 16:11 l_left0494.jpg
-rw-rw-r-- 1 manisha manisha   3026 Oct  6 16:11 l_left0008.jpg
-rw-rw-r-- 1 manisha manisha   4591 Oct  6 16:11 l_left0493.jpg
-rw-rw-r-- 1 manisha manisha   4303 Oct  6 16:12 l_left0491.jpg
-rw-rw-r-- 1 manisha manisha   5395 Oct  6 16:18 l_left0492.jpg
-rw-rw-r-- 1 manisha manisha   5035 Oct  6 16:18 l_left0489.jpg
-rw-rw-r-- 1 manisha manisha   4834 Oct  6 16:18 l_left0488.jpg
-rw-rw-r-- 1 manisha manisha   4420 Oct  6 16:18 l_left0487.jpg
-rw-rw-r-- 1 manisha manisha   3997 Oct  6 16:18 l_left0486.jpg
-rw-rw-r-- 1 manisha manisha   4321 Oct  6 16:19 l_left0485.jpg
-rw-rw-r-- 1 manisha manisha   4260 Oct  6 16:19 l_left0484.jpg
-rw-rw-r-- 1 manisha manisha   4242 Oct  6 16:19 l_left0483.jpg
-rw-rw-r-- 1 manisha manisha   3389 Oct  6 16:19 l_left0482.jpg
-rw-rw-r-- 1 manisha manisha   3257 Oct  6 16:20 l_left0481.jpg
-rw-rw-r-- 1 manisha manisha   3654 Oct  6 16:20 l_left0480.jpg
-rw-rw-r-- 1 manisha manisha   5384 Oct  6 16:20 l_left0479.jpg
-rw-rw-r-- 1 manisha manisha   3741 Oct  6 16:20 l_left0478.jpg
-rw-rw-r-- 1 manisha manisha   3509 Oct  6 18:00 l_left0087.jpg
-rw-rw-r-- 1 manisha manisha   3233 Oct  6 18:01 l_left0477.jpg
-rw-rw-r-- 1 manisha manisha   3022 Oct  6 18:01 l_left0475.jpg
-rw-rw-r-- 1 manisha manisha   3526 Oct  6 18:02 l_left0474.jpg
-rw-rw-r-- 1 manisha manisha   2854 Oct  6 18:02 l_left0473.jpg
-rw-rw-r-- 1 manisha manisha   3497 Oct  6 18:02 l_left0472.jpg
-rw-rw-r-- 1 manisha manisha   3301 Oct  6 18:02 l_left0476.jpg
-rw-rw-r-- 1 manisha manisha   3289 Oct  6 18:03 l_left0470.jpg
-rw-rw-r-- 1 manisha manisha   3473 Oct  6 18:03 l_left0471.jpg
-rw-rw-r-- 1 manisha manisha   3285 Oct  6 18:03 l_left0469.jpg
-rw-rw-r-- 1 manisha manisha   3646 Oct  6 18:03 l_left0468.jpg
-rw-rw-r-- 1 manisha manisha   4267 Oct  6 18:04 l_left0467.jpg
-rw-rw-r-- 1 manisha manisha   3282 Oct  6 18:04 l_left0466.jpg
-rw-rw-r-- 1 manisha manisha   2305 Oct  6 18:13 l_left0009.jpg
-rw-rw-r-- 1 manisha manisha   2842 Oct  6 18:14 l_left0465.jpg
-rw-rw-r-- 1 manisha manisha   3967 Oct  6 18:14 l_left0464.jpg
-rw-rw-r-- 1 manisha manisha   3437 Oct  6 18:14 l_left0463.jpg
-rw-rw-r-- 1 manisha manisha   3206 Oct  6 18:14 l_left0462.jpg
-rw-rw-r-- 1 manisha manisha   3265 Oct  6 18:15 l_left0461.jpg
-rw-rw-r-- 1 manisha manisha   3390 Oct  6 18:15 l_left0455.jpg
-rw-rw-r-- 1 manisha manisha   3029 Oct  6 18:15 l_left0460.jpg
-rw-rw-r-- 1 manisha manisha   3234 Oct  6 18:16 l_left0459.jpg
-rw-rw-r-- 1 manisha manisha   3773 Oct  6 18:16 l_left0458.jpg
-rw-rw-r-- 1 manisha manisha   3254 Oct  6 18:16 l_left0457.jpg
-rw-rw-r-- 1 manisha manisha   3238 Oct  6 18:16 l_left0456.jpg
-rw-rw-r-- 1 manisha manisha   3173 Oct  6 18:17 l_left0454.jpg
-rw-rw-r-- 1 manisha manisha   3366 Oct  6 18:17 l_left0453.jpg
-rw-rw-r-- 1 manisha manisha   3602 Oct  6 18:17 l_left0452.jpg
-rw-rw-r-- 1 manisha manisha   4805 Oct  6 18:18 l_left0451.jpg
-rw-rw-r-- 1 manisha manisha   4105 Oct  6 18:18 l_left0450.jpg
-rw-rw-r-- 1 manisha manisha   2806 Oct  6 18:18 l_left0449.jpg
-rw-rw-r-- 1 manisha manisha   3634 Oct  6 18:18 l_left0448.jpg
-rw-rw-r-- 1 manisha manisha   2969 Oct  6 18:18 l_left0447.jpg
-rw-rw-r-- 1 manisha manisha   3401 Oct  6 18:19 l_left0446.jpg
-rw-rw-r-- 1 manisha manisha   3025 Oct  6 18:19 l_left0445.jpg
-rw-rw-r-- 1 manisha manisha   4395 Oct  6 18:19 l_left0444.jpg
-rw-rw-r-- 1 manisha manisha   3317 Oct  6 18:19 l_left0443.jpg
-rw-rw-r-- 1 manisha manisha   2966 Oct  6 18:20 l_left0442.jpg
-rw-rw-r-- 1 manisha manisha   3334 Oct  6 18:20 l_left0092.jpg
-rw-rw-r-- 1 manisha manisha   3054 Oct  6 18:21 l_left0093.jpg
-rw-rw-r-- 1 manisha manisha   3313 Oct  6 18:21 l_left0441.jpg
-rw-rw-r-- 1 manisha manisha   3345 Oct  6 18:21 l_left0440.jpg
-rw-rw-r-- 1 manisha manisha   2902 Oct  6 18:21 l_left0439.jpg
-rw-rw-r-- 1 manisha manisha   4489 Oct  6 18:22 l_left0433.jpg
-rw-rw-r-- 1 manisha manisha   3270 Oct  6 18:22 l_left0435.jpg
-rw-rw-r-- 1 manisha manisha   2937 Oct  6 18:22 l_left0436.jpg
-rw-rw-r-- 1 manisha manisha   3061 Oct  6 18:22 l_left0437.jpg
-rw-rw-r-- 1 manisha manisha   2813 Oct  6 18:23 l_left0438.jpg
-rw-rw-r-- 1 manisha manisha   3037 Oct  6 18:23 l_left0434.jpg
-rw-rw-r-- 1 manisha manisha   3330 Oct  6 18:23 l_left0432.jpg
-rw-rw-r-- 1 manisha manisha   3214 Oct  6 18:24 l_left0431.jpg
-rw-rw-r-- 1 manisha manisha   3870 Oct  6 18:24 l_left0430.jpg
-rw-rw-r-- 1 manisha manisha   2861 Oct  6 18:24 l_left0429.jpg
-rw-rw-r-- 1 manisha manisha   3062 Oct  6 18:24 l_left0428.jpg
-rw-rw-r-- 1 manisha manisha   3620 Oct  6 18:24 l_left0427.jpg
-rw-rw-r-- 1 manisha manisha   3153 Oct  6 18:25 l_left0421.jpg
-rw-rw-r-- 1 manisha manisha   2737 Oct  6 18:25 l_left0422.jpg
-rw-rw-r-- 1 manisha manisha   3070 Oct  6 18:25 l_left0424.jpg
-rw-rw-r-- 1 manisha manisha   3081 Oct  6 18:25 l_left0423.jpg
-rw-rw-r-- 1 manisha manisha   2878 Oct  6 18:26 l_left0426.jpg
-rw-rw-r-- 1 manisha manisha   3653 Oct  6 18:26 l_left0425.jpg
-rw-rw-r-- 1 manisha manisha   3853 Oct  6 18:26 l_left0415.jpg
-rw-rw-r-- 1 manisha manisha   3150 Oct  6 18:27 l_left0420.jpg
-rw-rw-r-- 1 manisha manisha   3458 Oct  6 18:27 l_left0419.jpg
-rw-rw-r-- 1 manisha manisha   3246 Oct  6 18:27 l_left0418.jpg
-rw-rw-r-- 1 manisha manisha   2977 Oct  6 18:27 l_left0417.jpg
-rw-rw-r-- 1 manisha manisha   3557 Oct  6 18:27 l_left0416.jpg
-rw-rw-r-- 1 manisha manisha   2585 Oct  6 18:28 l_left0409.jpg
-rw-rw-r-- 1 manisha manisha   3977 Oct  6 18:28 l_left0410.jpg
-rw-rw-r-- 1 manisha manisha   3062 Oct  6 18:28 l_left0414.jpg
-rw-rw-r-- 1 manisha manisha   3081 Oct  6 18:28 l_left0413.jpg
-rw-rw-r-- 1 manisha manisha   3897 Oct  6 18:29 l_left0412.jpg
-rw-rw-r-- 1 manisha manisha   3221 Oct  6 18:29 l_left0411.jpg
-rw-rw-r-- 1 manisha manisha   3349 Oct  6 18:29 l_left0408.jpg
-rw-rw-r-- 1 manisha manisha   3510 Oct  6 18:29 l_left0407.jpg
-rw-rw-r-- 1 manisha manisha   2465 Oct  6 18:30 l_left0406.jpg
-rw-rw-r-- 1 manisha manisha   2897 Oct  6 18:30 l_left0405.jpg
-rw-rw-r-- 1 manisha manisha   3153 Oct  6 18:30 l_left0404.jpg
-rw-rw-r-- 1 manisha manisha   3173 Oct  6 18:30 l_left0403.jpg
-rw-rw-r-- 1 manisha manisha   2881 Oct  6 18:30 l_left0402.jpg
-rw-rw-r-- 1 manisha manisha   3429 Oct  6 18:31 l_left0401.jpg
-rw-rw-r-- 1 manisha manisha   3298 Oct  6 18:31 l_left0400.jpg
-rw-rw-r-- 1 manisha manisha   2573 Oct  6 18:31 l_left0399.jpg
-rw-rw-r-- 1 manisha manisha   3306 Oct  6 18:31 l_left0398.jpg
-rw-rw-r-- 1 manisha manisha   3370 Oct  6 18:32 l_left0397.jpg
-rw-rw-r-- 1 manisha manisha   3226 Oct  6 18:32 l_left0396.jpg
-rw-rw-r-- 1 manisha manisha   2793 Oct  6 18:32 l_left0395.jpg
-rw-rw-r-- 1 manisha manisha   3770 Oct  6 18:33 l_left0394.jpg
-rw-rw-r-- 1 manisha manisha   2846 Oct  6 18:33 l_left0393.jpg
-rw-rw-r-- 1 manisha manisha   3234 Oct  6 18:33 l_left0392.jpg
-rw-rw-r-- 1 manisha manisha   3650 Oct  6 18:33 l_left0391.jpg
-rw-rw-r-- 1 manisha manisha   4101 Oct  6 18:34 l_left0390.jpg
-rw-rw-r-- 1 manisha manisha   3331 Oct  6 18:34 l_left0389.jpg
-rw-rw-r-- 1 manisha manisha   3422 Oct  6 18:34 l_left0388.jpg
-rw-rw-r-- 1 manisha manisha   3521 Oct  6 18:34 l_left0387.jpg
-rw-rw-r-- 1 manisha manisha   4290 Oct  6 18:34 l_left0386.jpg
-rw-rw-r-- 1 manisha manisha   3386 Oct  6 18:35 l_left0385.jpg
-rw-rw-r-- 1 manisha manisha   3282 Oct  6 18:36 l_left0058.jpg
-rw-rw-r-- 1 manisha manisha   3629 Oct  6 18:36 l_left0384.jpg
-rw-rw-r-- 1 manisha manisha   3549 Oct  6 18:36 l_left0383.jpg
-rw-rw-r-- 1 manisha manisha   3638 Oct  6 18:36 l_left0382.jpg
-rw-rw-r-- 1 manisha manisha   3286 Oct  6 18:37 l_left0381.jpg
-rw-rw-r-- 1 manisha manisha   3649 Oct  6 18:37 l_left0380.jpg
-rw-rw-r-- 1 manisha manisha   3921 Oct  6 18:37 l_left0379.jpg
-rw-rw-r-- 1 manisha manisha   4767 Oct  6 18:37 l_left0378.jpg
-rw-rw-r-- 1 manisha manisha   3736 Oct  6 18:37 l_left0377.jpg
-rw-rw-r-- 1 manisha manisha   3996 Oct  6 18:38 l_left0376.jpg
-rw-rw-r-- 1 manisha manisha   3697 Oct  6 18:38 l_left0375.jpg
-rw-rw-r-- 1 manisha manisha   4609 Oct  6 18:38 l_left0374.jpg
-rw-rw-r-- 1 manisha manisha   4438 Oct  6 18:38 l_left0373.jpg
-rw-rw-r-- 1 manisha manisha   3973 Oct  6 18:38 l_left0372.jpg
-rw-rw-r-- 1 manisha manisha   2861 Oct  6 18:39 l_left0371.jpg
-rw-rw-r-- 1 manisha manisha   4281 Oct  6 18:39 l_left0370.jpg
-rw-rw-r-- 1 manisha manisha 163543 Oct  6 18:39 l_left0369.jpg
-rw-rw-r-- 1 manisha manisha 163575 Oct  6 18:39 l_left0368.jpg
-rw-rw-r-- 1 manisha manisha   4691 Oct  6 18:40 l_left0367.jpg
-rw-rw-r-- 1 manisha manisha   3990 Oct  6 18:40 l_left0366.jpg
-rw-rw-r-- 1 manisha manisha   3517 Oct  6 18:41 l_left0365.jpg
-rw-rw-r-- 1 manisha manisha   2794 Oct  6 18:41 l_left0364.jpg
-rw-rw-r-- 1 manisha manisha   3685 Oct  6 18:41 l_left0361.jpg
-rw-rw-r-- 1 manisha manisha   4758 Oct  6 18:42 l_left0363.jpg
-rw-rw-r-- 1 manisha manisha   3815 Oct  6 18:42 l_left0362.jpg
-rw-rw-r-- 1 manisha manisha   4290 Oct  6 18:42 l_left0360.jpg
-rw-rw-r-- 1 manisha manisha   4030 Oct  6 18:43 l_left0359.jpg
-rw-rw-r-- 1 manisha manisha   4028 Oct  6 18:43 l_left0358.jpg
-rw-rw-r-- 1 manisha manisha   3394 Oct  6 18:43 l_left0357.jpg
-rw-rw-r-- 1 manisha manisha   3878 Oct  6 18:43 l_left0356.jpg
-rw-rw-r-- 1 manisha manisha   4078 Oct  6 21:16 l_left0352.jpg
-rw-rw-r-- 1 manisha manisha   3158 Oct  6 21:16 l_left0355.jpg
-rw-rw-r-- 1 manisha manisha   4242 Oct  6 21:16 l_left0354.jpg
-rw-rw-r-- 1 manisha manisha   4251 Oct  6 21:16 l_left0353.jpg
-rw-rw-r-- 1 manisha manisha   3872 Oct  6 21:17 l_left0351.jpg
-rw-rw-r-- 1 manisha manisha   4802 Oct  6 21:17 l_left0350.jpg
-rw-rw-r-- 1 manisha manisha   4311 Oct  6 21:17 l_left0349.jpg
-rw-rw-r-- 1 manisha manisha   3466 Oct  6 21:17 l_left0348.jpg
-rw-rw-r-- 1 manisha manisha   3991 Oct  6 21:17 l_left0347.jpg
-rw-rw-r-- 1 manisha manisha   3262 Oct  6 21:18 l_left0346.jpg
-rw-rw-r-- 1 manisha manisha   4185 Oct  6 21:18 l_left0345.jpg
-rw-rw-r-- 1 manisha manisha   4283 Oct  6 21:18 l_left0344.jpg
-rw-rw-r-- 1 manisha manisha   3718 Oct  6 21:18 l_left0341.jpg
-rw-rw-r-- 1 manisha manisha   3707 Oct  6 21:21 l_left0343.jpg
-rw-rw-r-- 1 manisha manisha   3844 Oct  6 21:22 l_left0342.jpg
-rw-rw-r-- 1 manisha manisha   7989 Oct  6 21:22 l_left0251.jpg
-rw-rw-r-- 1 manisha manisha   4655 Oct  6 21:23 l_left0340.jpg
-rw-rw-r-- 1 manisha manisha   5694 Oct  6 21:23 l_left0339.jpg
-rw-rw-r-- 1 manisha manisha   5300 Oct  6 21:23 l_left0338.jpg
-rw-rw-r-- 1 manisha manisha   3820 Oct  6 21:24 l_left0337.jpg
-rw-rw-r-- 1 manisha manisha   4673 Oct  6 21:24 l_left0336.jpg
-rw-rw-r-- 1 manisha manisha   4789 Oct  6 21:24 l_left0335.jpg
-rw-rw-r-- 1 manisha manisha   5337 Oct  6 21:24 l_left0334.jpg
-rw-rw-r-- 1 manisha manisha   8915 Oct  6 21:25 l_left0250.jpg
-rw-rw-r-- 1 manisha manisha   5523 Oct  6 21:25 l_left0333.jpg
-rw-rw-r-- 1 manisha manisha   5340 Oct  6 21:25 l_left0332.jpg
-rw-rw-r-- 1 manisha manisha   5580 Oct  6 21:26 l_left0331.jpg
-rw-rw-r-- 1 manisha manisha   5232 Oct  6 21:26 l_left0325.jpg
-rw-rw-r-- 1 manisha manisha   4422 Oct  6 21:26 l_left0330.jpg
-rw-rw-r-- 1 manisha manisha   5240 Oct  6 21:26 l_left0326.jpg
-rw-rw-r-- 1 manisha manisha   5259 Oct  6 21:27 l_left0327.jpg
-rw-rw-r-- 1 manisha manisha   5301 Oct  6 21:27 l_left0328.jpg
-rw-rw-r-- 1 manisha manisha   5217 Oct  6 21:27 l_left0329.jpg
-rw-rw-r-- 1 manisha manisha   5034 Oct  6 21:27 l_left0324.jpg
-rw-rw-r-- 1 manisha manisha   4229 Oct  6 21:28 l_left0010.jpg
-rw-rw-r-- 1 manisha manisha   5512 Oct  6 21:29 l_left0323.jpg
-rw-rw-r-- 1 manisha manisha   4720 Oct  6 21:29 l_left0322.jpg
-rw-rw-r-- 1 manisha manisha   5574 Oct  6 21:31 l_left0305.jpg
-rw-rw-r-- 1 manisha manisha   7511 Oct  6 21:32 l_left0253.jpg
-rw-rw-r-- 1 manisha manisha   7556 Oct  6 21:32 l_left0252.jpg
-rw-rw-r-- 1 manisha manisha   8273 Oct  6 21:33 l_left0249.jpg
-rw-rw-r-- 1 manisha manisha   9034 Oct  6 21:33 l_left0248.jpg
-rw-rw-r-- 1 manisha manisha   9805 Oct  6 21:33 l_left0247.jpg
-rw-rw-r-- 1 manisha manisha   9368 Oct  6 21:33 l_left0246.jpg
-rw-rw-r-- 1 manisha manisha  11810 Oct  6 21:34 l_left0245.jpg
-rw-rw-r-- 1 manisha manisha   9130 Oct  6 21:34 l_left0244.jpg
-rw-rw-r-- 1 manisha manisha  10220 Oct  6 21:34 l_left0243.jpg
-rw-rw-r-- 1 manisha manisha   8419 Oct  6 21:35 l_left0242.jpg
-rw-rw-r-- 1 manisha manisha   8469 Oct  6 21:35 l_left0241.jpg
-rw-rw-r-- 1 manisha manisha   4141 Oct  6 21:35 l_left0240.jpg
-rw-rw-r-- 1 manisha manisha   5042 Oct  6 21:36 l_left0182.jpg
-rw-rw-r-- 1 manisha manisha   7781 Oct  6 21:36 l_left0181.jpg
-rw-rw-r-- 1 manisha manisha 192053 Oct  6 21:36 l_left0180.jpg
-rw-rw-r-- 1 manisha manisha  10175 Oct  6 21:37 l_left0179.jpg
-rw-rw-r-- 1 manisha manisha   6714 Oct  6 21:37 l_left0178.jpg
-rw-rw-r-- 1 manisha manisha   9249 Oct  6 21:37 l_left0177.jpg
-rw-rw-r-- 1 manisha manisha   9671 Oct  6 21:37 l_left0176.jpg
-rw-rw-r-- 1 manisha manisha   8762 Oct  6 21:38 l_left0175.jpg
-rw-rw-r-- 1 manisha manisha   8769 Oct  6 21:38 l_left0174.jpg
-rw-rw-r-- 1 manisha manisha   8459 Oct  6 21:38 l_left0173.jpg
-rw-rw-r-- 1 manisha manisha   9252 Oct  6 21:39 l_left0172.jpg
-rw-rw-r-- 1 manisha manisha  11027 Oct  6 21:39 l_left0171.jpg
-rw-rw-r-- 1 manisha manisha   4373 Oct  6 21:42 l_left0011.jpg
-rw-rw-r-- 1 manisha manisha   5397 Oct  6 21:42 l_left0134.jpg
-rw-rw-r-- 1 manisha manisha   5533 Oct  6 21:43 l_left0133.jpg
-rw-rw-r-- 1 manisha manisha   5217 Oct  6 21:43 l_left0132.jpg
-rw-rw-r-- 1 manisha manisha   5648 Oct  6 21:43 l_left0131.jpg
-rw-rw-r-- 1 manisha manisha   4638 Oct  6 21:44 l_left0130.jpg
-rw-rw-r-- 1 manisha manisha   4114 Oct  6 21:44 l_left0123.jpg
-rw-rw-r-- 1 manisha manisha   4572 Oct  6 21:44 l_left0122.jpg
-rw-rw-r-- 1 manisha manisha   4286 Oct  6 21:44 l_left0121.jpg
-rw-rw-r-- 1 manisha manisha   4183 Oct  6 21:44 l_left0120.jpg
-rw-rw-r-- 1 manisha manisha   4065 Oct  6 21:45 l_left0119.jpg
-rw-rw-r-- 1 manisha manisha   3771 Oct  6 21:45 l_left0118.jpg
-rw-rw-r-- 1 manisha manisha   4152 Oct  6 21:45 l_left0117.jpg
-rw-rw-r-- 1 manisha manisha   3758 Oct  6 21:45 l_left0116.jpg
-rw-rw-r-- 1 manisha manisha   3722 Oct  6 21:46 l_left0115.jpg
-rw-rw-r-- 1 manisha manisha   3381 Oct  6 21:46 l_left0114.jpg
-rw-rw-r-- 1 manisha manisha   3549 Oct  6 21:46 l_left0113.jpg
-rw-rw-r-- 1 manisha manisha   3042 Oct  6 21:46 l_left0112.jpg
-rw-rw-r-- 1 manisha manisha   3450 Oct  6 21:47 l_left0111.jpg
-rw-rw-r-- 1 manisha manisha   2938 Oct  6 21:47 l_left0110.jpg
-rw-rw-r-- 1 manisha manisha   3725 Oct  6 21:47 l_left0109.jpg
-rw-rw-r-- 1 manisha manisha   3521 Oct  6 21:47 l_left0108.jpg
-rw-rw-r-- 1 manisha manisha   3301 Oct  6 21:48 l_left0107.jpg
-rw-rw-r-- 1 manisha manisha   3592 Oct  6 21:48 l_left0106.jpg
-rw-rw-r-- 1 manisha manisha   3925 Oct  6 21:48 l_left0105.jpg
-rw-rw-r-- 1 manisha manisha   3342 Oct  6 21:49 l_left0104.jpg
-rw-rw-r-- 1 manisha manisha   4638 Oct  6 21:49 l_left0103.jpg
-rw-rw-r-- 1 manisha manisha   4680 Oct  6 21:49 l_left0102.jpg
-rw-rw-r-- 1 manisha manisha   3426 Oct  6 21:50 l_left0101.jpg
-rw-rw-r-- 1 manisha manisha   3942 Oct  6 21:50 l_left0100.jpg
-rw-rw-r-- 1 manisha manisha   4025 Oct  6 21:50 l_left0099.jpg
-rw-rw-r-- 1 manisha manisha   4370 Oct  6 21:50 l_left0098.jpg
-rw-rw-r-- 1 manisha manisha   3838 Oct  6 21:51 l_left0097.jpg
-rw-rw-r-- 1 manisha manisha   3426 Oct  6 21:51 l_left0096.jpg
-rw-rw-r-- 1 manisha manisha   3733 Oct  6 21:51 l_left0095.jpg
-rw-rw-r-- 1 manisha manisha   3414 Oct  6 21:51 l_left0094.jpg
-rw-rw-r-- 1 manisha manisha   3193 Oct  6 21:52 l_left0091.jpg
-rw-rw-r-- 1 manisha manisha   4353 Oct  6 21:52 l_left0090.jpg
-rw-rw-r-- 1 manisha manisha   4402 Oct  6 21:52 l_left0089.jpg
-rw-rw-r-- 1 manisha manisha   3743 Oct  6 21:52 l_left0088.jpg
-rw-rw-r-- 1 manisha manisha   4229 Oct  6 21:52 l_left0086.jpg
-rw-rw-r-- 1 manisha manisha   3521 Oct  6 21:53 l_left0085.jpg
-rw-rw-r-- 1 manisha manisha   3597 Oct  6 21:53 l_left0084.jpg
-rw-rw-r-- 1 manisha manisha   3450 Oct  6 21:53 l_left0083.jpg
-rw-rw-r-- 1 manisha manisha   4821 Oct  6 21:53 l_left0082.jpg
-rw-rw-r-- 1 manisha manisha   4164 Oct  6 21:54 l_left0081.jpg
-rw-rw-r-- 1 manisha manisha   3074 Oct  6 21:54 l_left0080.jpg
-rw-rw-r-- 1 manisha manisha   4195 Oct  6 21:54 l_left0079.jpg
-rw-rw-r-- 1 manisha manisha   4527 Oct  6 21:54 l_left0078.jpg
-rw-rw-r-- 1 manisha manisha   3501 Oct  6 21:55 l_left0077.jpg
-rw-rw-r-- 1 manisha manisha   2941 Oct  6 21:56 l_left0012.jpg
-rw-rw-r-- 1 manisha manisha   4366 Oct  6 21:57 l_left0013.jpg
-rw-rw-r-- 1 manisha manisha   3477 Oct  6 21:57 l_left0072.jpg
-rw-rw-r-- 1 manisha manisha   5132 Oct  6 21:57 l_left0071.jpg
-rw-rw-r-- 1 manisha manisha   4422 Oct  6 21:58 l_left0070.jpg
-rw-rw-r-- 1 manisha manisha   4153 Oct  6 21:58 l_left0031.jpg
-rw-rw-r-- 1 manisha manisha  41869 Oct  6 22:04 lsOutput.log
